<?xml version="1.0" encoding="UTF-8"?>
<!-- Generated by org.testng.reporters.JUnitReportReporter -->
<testsuite hostname="LK-LSB88GA-ShehanI" failures="0" tests="1" name="com.enactor.core.automation.cucumber.RunCucumberTests" time="101.196" errors="1" timestamp="2026-07-15T07:38:05 BST" skipped="0">
  <testcase classname="com.enactor.core.automation.cucumber.RunCucumberTests" name="runScenario" time="101.196">
    <error message="Cannot parse null string" type="java.lang.NumberFormatException">
      <![CDATA[java.lang.NumberFormatException: Cannot parse null string
at java.base/java.lang.Integer.parseInt(Integer.java:630)
at java.base/java.lang.Integer.parseInt(Integer.java:786)
at com.enactor.pos.web.BaseWebPosStepsProvider.getBasketItemsCount(BaseWebPosStepsProvider.java:126)
at com.enactor.pos.web.BaseWebPosStepsProvider.pressButton(BaseWebPosStepsProvider.java:516)
at com.enactor.pos.mobile.web.MobileWebPosStepProvider.pressButton(MobileWebPosStepProvider.java:75)
at com.enactor.retail.pos.stepDefinitions.CommonPosSteps.userPressesButtonOnCurrentPage(CommonPosSteps.java:121)
at ✽.user presses "ENT" button(file:///D:/RDF_POS_Test/MobilePOSAutomationTests-UIComparison/Mobile-UIComparison/MobilePOSUITests/target/dependencyTests/feature/retail/pos/posRetailFunctions/vouchers/GiftVoucherRedemption.feature:35)
]]>
    </error>
  </testcase> <!-- runScenario -->
  <system-out>
    <![CDATA[@PT-6, @AUTOMATED, @MVP, @Mobile, @GiftVoucherRedemption_GiftVoucherLessThanTransactionAmount, @GiftVoucherRedemption, @POS, @Smoke, @POSValidatedTest, @POSSet4
App is running. Terminating...<br/>
Launching app...<br/>
Current contexts: [NATIVE_APP, WEBVIEW_stetho_com.google.android.apps.messaging] and waiting for target context: WEBVIEW_com.enactor.pos<br/>
Target context found: WEBVIEW_com.enactor.pos<br/>
Entering text '000101' into element 'By.xpath: //input[@test-component-id='INPUT_TEXT_1']|//textarea[@test-component-id='INPUT_TEXT_1']<br/>
Attempting to resolve timeout by scrolling into view (50, 159);<br/>
Entered text '000101' into element '[[io.appium.java_client.android.AndroidDriver, Capabilities: {androidDeviceReadyTimeout=60, appActivity=com.enactor.pos.MainActivity, appPackage=com.enactor.pos, autoGrantPermissions=true, autoLaunch=false, automationName=UiAutomator2, chromedriverExecutable=D:\Data\chromedriver-win64\chromedriver.exe, chromedriverUseSystemExecutable=false, clearDeviceLogsOnStart=false, databaseEnabled=false, desired={platformName=android, androidDeviceReadyTimeout=60, appActivity=com.enactor.pos.MainActivity, appPackage=com.enactor.pos, autoGrantPermissions=true, autoLaunch=false, chromedriverExecutable=D:\Data\chromedriver-win64\chromedriver.exe, chromedriverUseSystemExecutable=false, clearDeviceLogsOnStart=false, ensureWebviewsHavePages=true, nativeWebTap=false, webviewConnectTimeout=900000, automationName=UiAutomator2, fullReset=false, newCommandTimeout=0, noReset=true, platformVersion=15, udid=37201FDJH0040J}, deviceApiLevel=36, deviceManufacturer=Google, deviceModel=Pixel 8, deviceName=37201FDJH0040J, deviceScreenDensity=420, deviceScreenSize=1080x2400, deviceUDID=37201FDJH0040J, ensureWebviewsHavePages=true, fullReset=false, javascriptEnabled=true, locationContextEnabled=false, nativeWebTap=false, networkConnectionEnabled=true, newCommandTimeout=0, noReset=true, pixelRatio=2.625, platform=LINUX, platformName=Android, platformVersion=16, statBarHeight=132, takesScreenshot=true, udid=37201FDJH0040J, viewportRect={left=0, top=132, width=1080, height=2268}, warnings={}, webStorageEnabled=false, webviewConnectTimeout=900000}] -> xpath: //input[@test-component-id='INPUT_TEXT_1']|//textarea[@test-component-id='INPUT_TEXT_1']]<br/>
Entering text '000101' into element 'By.xpath: //input[@test-component-id='INPUT_TEXT_2']|//textarea[@test-component-id='INPUT_TEXT_2']<br/>
Attempting to resolve timeout by scrolling into view (50, 245);<br/>
Entered text '000101' into element '[[io.appium.java_client.android.AndroidDriver, Capabilities: {androidDeviceReadyTimeout=60, appActivity=com.enactor.pos.MainActivity, appPackage=com.enactor.pos, autoGrantPermissions=true, autoLaunch=false, automationName=UiAutomator2, chromedriverExecutable=D:\Data\chromedriver-win64\chromedriver.exe, chromedriverUseSystemExecutable=false, clearDeviceLogsOnStart=false, databaseEnabled=false, desired={platformName=android, androidDeviceReadyTimeout=60, appActivity=com.enactor.pos.MainActivity, appPackage=com.enactor.pos, autoGrantPermissions=true, autoLaunch=false, chromedriverExecutable=D:\Data\chromedriver-win64\chromedriver.exe, chromedriverUseSystemExecutable=false, clearDeviceLogsOnStart=false, ensureWebviewsHavePages=true, nativeWebTap=false, webviewConnectTimeout=900000, automationName=UiAutomator2, fullReset=false, newCommandTimeout=0, noReset=true, platformVersion=15, udid=37201FDJH0040J}, deviceApiLevel=36, deviceManufacturer=Google, deviceModel=Pixel 8, deviceName=37201FDJH0040J, deviceScreenDensity=420, deviceScreenSize=1080x2400, deviceUDID=37201FDJH0040J, ensureWebviewsHavePages=true, fullReset=false, javascriptEnabled=true, locationContextEnabled=false, nativeWebTap=false, networkConnectionEnabled=true, newCommandTimeout=0, noReset=true, pixelRatio=2.625, platform=LINUX, platformName=Android, platformVersion=16, statBarHeight=132, takesScreenshot=true, udid=37201FDJH0040J, viewportRect={left=0, top=132, width=1080, height=2268}, warnings={}, webStorageEnabled=false, webviewConnectTimeout=900000}] -> xpath: //input[@test-component-id='INPUT_TEXT_2']|//textarea[@test-component-id='INPUT_TEXT_2']]<br/>
Entering text '500100' into element 'By.xpath: //input[@test-component-id='InputBox']|//textarea[@test-component-id='InputBox']<br/>
Attempting to resolve timeout by scrolling into view (15, 707);<br/>
Entered text '500100' into element '[[io.appium.java_client.android.AndroidDriver, Capabilities: {androidDeviceReadyTimeout=60, appActivity=com.enactor.pos.MainActivity, appPackage=com.enactor.pos, autoGrantPermissions=true, autoLaunch=false, automationName=UiAutomator2, chromedriverExecutable=D:\Data\chromedriver-win64\chromedriver.exe, chromedriverUseSystemExecutable=false, clearDeviceLogsOnStart=false, databaseEnabled=false, desired={platformName=android, androidDeviceReadyTimeout=60, appActivity=com.enactor.pos.MainActivity, appPackage=com.enactor.pos, autoGrantPermissions=true, autoLaunch=false, chromedriverExecutable=D:\Data\chromedriver-win64\chromedriver.exe, chromedriverUseSystemExecutable=false, clearDeviceLogsOnStart=false, ensureWebviewsHavePages=true, nativeWebTap=false, webviewConnectTimeout=900000, automationName=UiAutomator2, fullReset=false, newCommandTimeout=0, noReset=true, platformVersion=15, udid=37201FDJH0040J}, deviceApiLevel=36, deviceManufacturer=Google, deviceModel=Pixel 8, deviceName=37201FDJH0040J, deviceScreenDensity=420, deviceScreenSize=1080x2400, deviceUDID=37201FDJH0040J, ensureWebviewsHavePages=true, fullReset=false, javascriptEnabled=true, locationContextEnabled=false, nativeWebTap=false, networkConnectionEnabled=true, newCommandTimeout=0, noReset=true, pixelRatio=2.625, platform=LINUX, platformName=Android, platformVersion=16, statBarHeight=132, takesScreenshot=true, udid=37201FDJH0040J, viewportRect={left=0, top=132, width=1080, height=2268}, warnings={}, webStorageEnabled=false, webviewConnectTimeout=900000}] -> xpath: //input[@test-component-id='InputBox']|//textarea[@test-component-id='InputBox']]<br/>
Current contexts: [NATIVE_APP, WEBVIEW_com.enactor.pos, WEBVIEW_stetho_com.google.android.apps.messaging] and waiting for target context: NATIVE_APP<br/>
Target context found: NATIVE_APP<br/>
Current contexts: [NATIVE_APP, WEBVIEW_stetho_com.google.android.apps.messaging] and waiting for target context: WEBVIEW_com.enactor.pos<br/>
Target context found: WEBVIEW_com.enactor.pos<br/>]]>
  </system-out>
</testsuite> <!-- com.enactor.core.automation.cucumber.RunCucumberTests -->
