<?xml version="1.0" encoding="UTF-8"?>
<!-- Generated by org.testng.reporters.JUnitXMLReporter -->
<testsuite ignored="0" hostname="LK-LSB88GA-ShehanI" failures="1" tests="1" name="feature.sale" time="124.095" errors="0" timestamp="2026-07-15T11:48:32 BST">
  <testcase classname="com.enactor.core.automation.cucumber.RunCucumberTests" name="runScenario" time="121.86">
    <failure type="com.enactor.core.automation.AUT.AutomationException" message="Expected condition failed: waiting for com.enactor.core.automation.controller.BaseWebController$4@1332dec4 (tried for 40 second(s) with 1000 milliseconds interval)">
      <![CDATA[com.enactor.core.automation.AUT.AutomationException: Expected condition failed: waiting for com.enactor.core.automation.controller.BaseWebController$4@1332dec4 (tried for 40 second(s) with 1000 milliseconds interval)
at com.enactor.core.automation.controller.BaseWebController.findElementFluently(BaseWebController.java:315)
at com.enactor.core.automation.controller.BaseWebController.waitForElement(BaseWebController.java:219)
at com.enactor.core.automation.controller.BaseWebController.waitForElement(BaseWebController.java:193)
at com.enactor.pos.mobile.web.MobileWebPosStepProvider.checkWindow(MobileWebPosStepProvider.java:42)
at com.enactor.pos.web.BaseWebPosStepsProvider.checkWindow(BaseWebPosStepsProvider.java:107)
at com.enactor.retail.pos.stepDefinitions.CommonPosSteps.checkPageShown(CommonPosSteps.java:366)
at com.enactor.retail.pos.stepDefinitions.CommonPosSteps.userPressesButtonOnCurrentPageAndPageShown(CommonPosSteps.java:215)
at ✽.user presses "OK" button and "Gift Card History List" page shown(file:///D:/RDF_POS_Test/MobilePOSAutomationTests-UIComparison/Mobile-UIComparison/MobilePOSUITests/target/dependencyTests/feature/retail/pos/posRetailFunctions/giftCards/GiftCard.feature:181)
Caused by: org.openqa.selenium.TimeoutException: Expected condition failed: waiting for com.enactor.core.automation.controller.BaseWebController$4@1332dec4 (tried for 40 second(s) with 1000 milliseconds interval)
at org.openqa.selenium.support.ui.FluentWait.timeoutException(FluentWait.java:304)
at org.openqa.selenium.support.ui.FluentWait.until(FluentWait.java:272)
at com.enactor.core.automation.controller.BaseWebController.findElementFluently(BaseWebController.java:309)
at com.enactor.core.automation.controller.BaseWebController.waitForElement(BaseWebController.java:219)
at com.enactor.core.automation.controller.BaseWebController.waitForElement(BaseWebController.java:193)
at com.enactor.pos.mobile.web.MobileWebPosStepProvider.checkWindow(MobileWebPosStepProvider.java:42)
at com.enactor.pos.web.BaseWebPosStepsProvider.checkWindow(BaseWebPosStepsProvider.java:107)
at com.enactor.retail.pos.stepDefinitions.CommonPosSteps.checkPageShown(CommonPosSteps.java:366)
at com.enactor.retail.pos.stepDefinitions.CommonPosSteps.userPressesButtonOnCurrentPageAndPageShown(CommonPosSteps.java:215)
at io.cucumber.java.Invoker.doInvoke(Invoker.java:66)
at io.cucumber.java.Invoker.invoke(Invoker.java:24)
at io.cucumber.java.AbstractGlueDefinition.invokeMethod(AbstractGlueDefinition.java:47)
at io.cucumber.java.JavaStepDefinition.execute(JavaStepDefinition.java:29)
at io.cucumber.core.runner.CoreStepDefinition.execute(CoreStepDefinition.java:66)
at io.cucumber.core.runner.PickleStepDefinitionMatch.runStep(PickleStepDefinitionMatch.java:63)
at io.cucumber.core.runner.ExecutionMode$1.execute(ExecutionMode.java:10)
at io.cucumber.core.runner.TestStep.executeStep(TestStep.java:84)
at io.cucumber.core.runner.TestStep.run(TestStep.java:56)
at io.cucumber.core.runner.PickleStepTestStep.run(PickleStepTestStep.java:51)
at io.cucumber.core.runner.TestCase.run(TestCase.java:84)
at io.cucumber.core.runner.Runner.runPickle(Runner.java:75)
at io.cucumber.testng.TestNGCucumberRunner.lambda$runScenario$1(TestNGCucumberRunner.java:132)
at io.cucumber.core.runtime.CucumberExecutionContext.lambda$runTestCase$5(CucumberExecutionContext.java:130)
at io.cucumber.core.runtime.RethrowingThrowableCollector.executeAndThrow(RethrowingThrowableCollector.java:23)
at io.cucumber.core.runtime.CucumberExecutionContext.runTestCase(CucumberExecutionContext.java:130)
at io.cucumber.testng.TestNGCucumberRunner.runScenario(TestNGCucumberRunner.java:129)
at com.enactor.core.automation.cucumber.RunCucumberTests.runScenario(RunCucumberTests.java:72)
at java.base/java.util.ArrayList.forEach(ArrayList.java:1511)
Caused by: org.openqa.selenium.NoSuchElementException: no such element: Unable to locate element: {"method":"xpath","selector":"//*[@id='Pos-GiftCard-GiftCardHistory.Pos-GiftCard-GiftCardHistoryList']"}
  (Session info: chrome=150.0.7871.46)
For documentation on this error, please visit: https://www.seleniumhq.org/exceptions/no_such_element.html
Build info: version: '3.141.59', revision: 'e82be7d358', time: '2018-11-14T08:17:03'
System info: host: 'LK-LSB88GA-SHEH', ip: '10.3.31.144', os.name: 'Windows 11', os.arch: 'amd64', os.version: '10.0', java.version: '17.0.2'
Driver info: io.appium.java_client.android.AndroidDriver
Capabilities {androidDeviceReadyTimeout: 60, appActivity: com.enactor.pos.MainActivity, appPackage: com.enactor.pos, autoGrantPermissions: true, autoLaunch: false, automationName: UiAutomator2, chromedriverExecutable: D:\Data\chromedriver-win64\..., chromedriverUseSystemExecutable: false, clearDeviceLogsOnStart: false, databaseEnabled: false, desired: {androidDeviceReadyTimeout: 60, appActivity: com.enactor.pos.MainActivity, appPackage: com.enactor.pos, autoGrantPermissions: true, autoLaunch: false, automationName: UiAutomator2, chromedriverExecutable: D:\Data\chromedriver-win64\..., chromedriverUseSystemExecutable: false, clearDeviceLogsOnStart: false, ensureWebviewsHavePages: true, fullReset: false, nativeWebTap: false, newCommandTimeout: 0, noReset: true, platformName: android, platformVersion: 15, udid: R58X508H3SY, webviewConnectTimeout: 900000}, deviceApiLevel: 36, deviceManufacturer: samsung, deviceModel: SM-A155F, deviceName: R58X508H3SY, deviceScreenDensity: 450, deviceScreenSize: 1080x2340, deviceUDID: R58X508H3SY, ensureWebviewsHavePages: true, fullReset: false, javascriptEnabled: true, locationContextEnabled: false, nativeWebTap: false, networkConnectionEnabled: true, newCommandTimeout: 0, noReset: true, pixelRatio: 2.8125, platform: LINUX, platformName: Android, platformVersion: 16, statBarHeight: 80, takesScreenshot: true, udid: R58X508H3SY, viewportRect: {height: 2260, left: 0, top: 80, width: 1080}, warnings: {}, webStorageEnabled: false, webviewConnectTimeout: 900000}
Session ID: 85ab6187-d4ee-4b93-9580-d67cf1d1e2a0
*** Element info: {Using=xpath, value=//*[@id='Pos-GiftCard-GiftCardHistory.Pos-GiftCard-GiftCardHistoryList']}
at org.openqa.selenium.remote.http.W3CHttpResponseCodec.createException(W3CHttpResponseCodec.java:187)
at org.openqa.selenium.remote.http.W3CHttpResponseCodec.decode(W3CHttpResponseCodec.java:122)
at org.openqa.selenium.remote.http.W3CHttpResponseCodec.decode(W3CHttpResponseCodec.java:49)
at org.openqa.selenium.remote.HttpCommandExecutor.execute(HttpCommandExecutor.java:158)
at io.appium.java_client.remote.AppiumCommandExecutor.execute(AppiumCommandExecutor.java:247)
at org.openqa.selenium.remote.RemoteWebDriver.execute(RemoteWebDriver.java:552)
at io.appium.java_client.DefaultGenericMobileDriver.execute(DefaultGenericMobileDriver.java:41)
at io.appium.java_client.AppiumDriver.execute(AppiumDriver.java:1)
at io.appium.java_client.android.AndroidDriver.execute(AndroidDriver.java:1)
at org.openqa.selenium.remote.RemoteWebDriver.findElement(RemoteWebDriver.java:323)
at io.appium.java_client.DefaultGenericMobileDriver.findElement(DefaultGenericMobileDriver.java:61)
at io.appium.java_client.AppiumDriver.findElement(AppiumDriver.java:1)
at io.appium.java_client.android.AndroidDriver.findElement(AndroidDriver.java:1)
at org.openqa.selenium.remote.RemoteWebDriver.findElementByXPath(RemoteWebDriver.java:428)
at io.appium.java_client.DefaultGenericMobileDriver.findElementByXPath(DefaultGenericMobileDriver.java:151)
at io.appium.java_client.AppiumDriver.findElementByXPath(AppiumDriver.java:1)
at io.appium.java_client.android.AndroidDriver.findElementByXPath(AndroidDriver.java:1)
at org.openqa.selenium.By$ByXPath.findElement(By.java:353)
at org.openqa.selenium.remote.RemoteWebDriver.findElement(RemoteWebDriver.java:315)
at io.appium.java_client.DefaultGenericMobileDriver.findElement(DefaultGenericMobileDriver.java:57)
at io.appium.java_client.AppiumDriver.findElement(AppiumDriver.java:1)
at io.appium.java_client.android.AndroidDriver.findElement(AndroidDriver.java:1)
at com.enactor.core.automation.controller.BaseWebController$4.apply(BaseWebController.java:311)
at com.enactor.core.automation.controller.BaseWebController$4.apply(BaseWebController.java:309)
at org.openqa.selenium.support.ui.FluentWait.until(FluentWait.java:249)
... 61 more
... Removed 39 stack frames]]>
    </failure>
  </testcase> <!-- runScenario -->
</testsuite> <!-- feature.sale -->
