<?xml version="1.0" encoding="UTF-8"?>
<testng-results ignored="0" total="1" passed="0" failed="1" skipped="0">
  <reporter-output>
    <line>
      <![CDATA[@PT-5, @SET2, @ToBeFixedAutTest, @ViewGiftCardHistory, @GiftCard, @POS, @Dunelm, @JYSK, @MVP, @AUTOMATED, @ReactPOS, @POSValidatedTest, @POSSet2]]>
    </line>
    <line>
      <![CDATA[App is running. Terminating...<br/>]]>
    </line>
    <line>
      <![CDATA[Launching app...<br/>]]>
    </line>
    <line>
      <![CDATA[Current contexts: [NATIVE_APP, WEBVIEW_stetho_com.google.android.apps.messaging] and waiting for target context: WEBVIEW_com.enactor.pos<br/>]]>
    </line>
    <line>
      <![CDATA[Target context found: WEBVIEW_com.enactor.pos<br/>]]>
    </line>
    <line>
      <![CDATA[Entering text '000101' into element 'By.xpath: //input[@test-component-id='INPUT_TEXT_1']|//textarea[@test-component-id='INPUT_TEXT_1']<br/>]]>
    </line>
    <line>
      <![CDATA[Attempting to resolve timeout by scrolling into view (49, 159);<br/>]]>
    </line>
    <line>
      <![CDATA[Entered text '000101' into element '[[io.appium.java_client.android.AndroidDriver, Capabilities: {androidDeviceReadyTimeout=60, appActivity=com.enactor.pos.MainActivity, appPackage=com.enactor.pos, autoGrantPermissions=true, autoLaunch=false, automationName=UiAutomator2, chromedriverExecutable=D:\Data\chromedriver-win64\chromedriver.exe, chromedriverUseSystemExecutable=false, clearDeviceLogsOnStart=false, databaseEnabled=false, desired={platformName=android, androidDeviceReadyTimeout=60, appActivity=com.enactor.pos.MainActivity, appPackage=com.enactor.pos, autoGrantPermissions=true, autoLaunch=false, chromedriverExecutable=D:\Data\chromedriver-win64\chromedriver.exe, chromedriverUseSystemExecutable=false, clearDeviceLogsOnStart=false, ensureWebviewsHavePages=true, nativeWebTap=false, webviewConnectTimeout=900000, automationName=UiAutomator2, fullReset=false, newCommandTimeout=0, noReset=true, platformVersion=15, udid=R58X508H3SY}, deviceApiLevel=36, deviceManufacturer=samsung, deviceModel=SM-A155F, deviceName=R58X508H3SY, deviceScreenDensity=450, deviceScreenSize=1080x2340, deviceUDID=R58X508H3SY, ensureWebviewsHavePages=true, fullReset=false, javascriptEnabled=true, locationContextEnabled=false, nativeWebTap=false, networkConnectionEnabled=true, newCommandTimeout=0, noReset=true, pixelRatio=2.8125, platform=LINUX, platformName=Android, platformVersion=16, statBarHeight=80, takesScreenshot=true, udid=R58X508H3SY, viewportRect={left=0, top=80, width=1080, height=2260}, warnings={}, webStorageEnabled=false, webviewConnectTimeout=900000}] -> xpath: //input[@test-component-id='INPUT_TEXT_1']|//textarea[@test-component-id='INPUT_TEXT_1']]<br/>]]>
    </line>
    <line>
      <![CDATA[Entering text '000101' into element 'By.xpath: //input[@test-component-id='INPUT_TEXT_2']|//textarea[@test-component-id='INPUT_TEXT_2']<br/>]]>
    </line>
    <line>
      <![CDATA[Attempting to resolve timeout by scrolling into view (49, 245);<br/>]]>
    </line>
    <line>
      <![CDATA[Entered text '000101' into element '[[io.appium.java_client.android.AndroidDriver, Capabilities: {androidDeviceReadyTimeout=60, appActivity=com.enactor.pos.MainActivity, appPackage=com.enactor.pos, autoGrantPermissions=true, autoLaunch=false, automationName=UiAutomator2, chromedriverExecutable=D:\Data\chromedriver-win64\chromedriver.exe, chromedriverUseSystemExecutable=false, clearDeviceLogsOnStart=false, databaseEnabled=false, desired={platformName=android, androidDeviceReadyTimeout=60, appActivity=com.enactor.pos.MainActivity, appPackage=com.enactor.pos, autoGrantPermissions=true, autoLaunch=false, chromedriverExecutable=D:\Data\chromedriver-win64\chromedriver.exe, chromedriverUseSystemExecutable=false, clearDeviceLogsOnStart=false, ensureWebviewsHavePages=true, nativeWebTap=false, webviewConnectTimeout=900000, automationName=UiAutomator2, fullReset=false, newCommandTimeout=0, noReset=true, platformVersion=15, udid=R58X508H3SY}, deviceApiLevel=36, deviceManufacturer=samsung, deviceModel=SM-A155F, deviceName=R58X508H3SY, deviceScreenDensity=450, deviceScreenSize=1080x2340, deviceUDID=R58X508H3SY, ensureWebviewsHavePages=true, fullReset=false, javascriptEnabled=true, locationContextEnabled=false, nativeWebTap=false, networkConnectionEnabled=true, newCommandTimeout=0, noReset=true, pixelRatio=2.8125, platform=LINUX, platformName=Android, platformVersion=16, statBarHeight=80, takesScreenshot=true, udid=R58X508H3SY, viewportRect={left=0, top=80, width=1080, height=2260}, warnings={}, webStorageEnabled=false, webviewConnectTimeout=900000}] -> xpath: //input[@test-component-id='INPUT_TEXT_2']|//textarea[@test-component-id='INPUT_TEXT_2']]<br/>]]>
    </line>
    <line>
      <![CDATA[Entering text '9526300500192837461' into element 'By.xpath: //input[@test-component-id='InputBox']|//textarea[@test-component-id='InputBox']<br/>]]>
    </line>
    <line>
      <![CDATA[Attempting to resolve timeout by scrolling into view (15, 647);<br/>]]>
    </line>
    <line>
      <![CDATA[Entered text '9526300500192837461' into element '[[io.appium.java_client.android.AndroidDriver, Capabilities: {androidDeviceReadyTimeout=60, appActivity=com.enactor.pos.MainActivity, appPackage=com.enactor.pos, autoGrantPermissions=true, autoLaunch=false, automationName=UiAutomator2, chromedriverExecutable=D:\Data\chromedriver-win64\chromedriver.exe, chromedriverUseSystemExecutable=false, clearDeviceLogsOnStart=false, databaseEnabled=false, desired={platformName=android, androidDeviceReadyTimeout=60, appActivity=com.enactor.pos.MainActivity, appPackage=com.enactor.pos, autoGrantPermissions=true, autoLaunch=false, chromedriverExecutable=D:\Data\chromedriver-win64\chromedriver.exe, chromedriverUseSystemExecutable=false, clearDeviceLogsOnStart=false, ensureWebviewsHavePages=true, nativeWebTap=false, webviewConnectTimeout=900000, automationName=UiAutomator2, fullReset=false, newCommandTimeout=0, noReset=true, platformVersion=15, udid=R58X508H3SY}, deviceApiLevel=36, deviceManufacturer=samsung, deviceModel=SM-A155F, deviceName=R58X508H3SY, deviceScreenDensity=450, deviceScreenSize=1080x2340, deviceUDID=R58X508H3SY, ensureWebviewsHavePages=true, fullReset=false, javascriptEnabled=true, locationContextEnabled=false, nativeWebTap=false, networkConnectionEnabled=true, newCommandTimeout=0, noReset=true, pixelRatio=2.8125, platform=LINUX, platformName=Android, platformVersion=16, statBarHeight=80, takesScreenshot=true, udid=R58X508H3SY, viewportRect={left=0, top=80, width=1080, height=2260}, warnings={}, webStorageEnabled=false, webviewConnectTimeout=900000}] -> xpath: //input[@test-component-id='InputBox']|//textarea[@test-component-id='InputBox']]<br/>]]>
    </line>
    <line>
      <![CDATA[Current contexts: [NATIVE_APP, WEBVIEW_com.enactor.pos, WEBVIEW_stetho_com.google.android.apps.messaging] and waiting for target context: NATIVE_APP<br/>]]>
    </line>
    <line>
      <![CDATA[Target context found: NATIVE_APP<br/>]]>
    </line>
    <line>
      <![CDATA[Current contexts: [NATIVE_APP, WEBVIEW_stetho_com.google.android.apps.messaging] and waiting for target context: WEBVIEW_com.enactor.pos<br/>]]>
    </line>
    <line>
      <![CDATA[Target context found: WEBVIEW_com.enactor.pos<br/>]]>
    </line>
  </reporter-output>
  <suite started-at="2026-07-15T11:46:28 BST" name="Pos test" finished-at="2026-07-15T11:48:32 BST" duration-ms="124095">
    <groups>
      <group name="com.enactor.core.test.categories.Nightly">
        <method signature="RunCucumberTests.runScenario(io.cucumber.testng.PickleWrapper,io.cucumber.testng.FeatureWrapper)[pri:0, instance:com.enactor.core.automation.cucumber.RunCucumberTests@31190526]" name="runScenario" class="com.enactor.core.automation.cucumber.RunCucumberTests"/>
      </group> <!-- com.enactor.core.test.categories.Nightly -->
      <group name="com.enactor.core.test.categories.UiTest">
        <method signature="RunCucumberTests.runScenario(io.cucumber.testng.PickleWrapper,io.cucumber.testng.FeatureWrapper)[pri:0, instance:com.enactor.core.automation.cucumber.RunCucumberTests@31190526]" name="runScenario" class="com.enactor.core.automation.cucumber.RunCucumberTests"/>
      </group> <!-- com.enactor.core.test.categories.UiTest -->
    </groups>
    <test started-at="2026-07-15T11:46:28 BST" name="feature.sale" finished-at="2026-07-15T11:48:32 BST" duration-ms="124095">
      <class name="com.enactor.core.automation.cucumber.RunCucumberTests">
        <test-method is-config="true" signature="beforeTest(org.testng.ITestContext)[pri:0, instance:com.enactor.core.automation.cucumber.RunCucumberTests@31190526]" started-at="2026-07-15T11:46:28 BST" name="beforeTest" finished-at="2026-07-15T11:46:28 BST" duration-ms="10" status="PASS">
          <params>
            <param index="0">
              <value>
                <![CDATA[org.testng.TestRunner@226d5af0]]>
              </value>
            </param>
          </params>
          <reporter-output>
          </reporter-output>
        </test-method> <!-- beforeTest -->
        <test-method is-config="true" signature="setUpClass(org.testng.ITestContext)[pri:0, instance:com.enactor.core.automation.cucumber.RunCucumberTests@31190526]" started-at="2026-07-15T11:46:28 BST" name="setUpClass" finished-at="2026-07-15T11:46:31 BST" duration-ms="2167" status="PASS">
          <params>
            <param index="0">
              <value>
                <![CDATA[org.testng.TestRunner@226d5af0]]>
              </value>
            </param>
          </params>
          <reporter-output>
          </reporter-output>
        </test-method> <!-- setUpClass -->
        <test-method signature="runScenario(io.cucumber.testng.PickleWrapper,io.cucumber.testng.FeatureWrapper)[pri:0, instance:com.enactor.core.automation.cucumber.RunCucumberTests@31190526]" started-at="2026-07-15T11:46:31 BST" name="runScenario" description="Run Cucumber Features." data-provider="scenarios" finished-at="2026-07-15T11:48:32 BST" duration-ms="121860" status="FAIL">
          <params>
            <param index="0">
              <value>
                <![CDATA["View Gift Card history"]]>
              </value>
            </param>
            <param index="1">
              <value>
                <![CDATA["Gift Card"]]>
              </value>
            </param>
          </params>
          <exception class="com.enactor.core.automation.AUT.AutomationException">
            <message>
              <![CDATA[Expected condition failed: waiting for com.enactor.core.automation.controller.BaseWebController$4@1332dec4 (tried for 40 second(s) with 1000 milliseconds interval)]]>
            </message>
            <full-stacktrace>
              <![CDATA[com.enactor.core.automation.AUT.AutomationException: Expected condition failed: waiting for com.enactor.core.automation.controller.BaseWebController$4@1332dec4 (tried for 40 second(s) with 1000 milliseconds interval)
at com.enactor.core.automation.controller.BaseWebController.findElementFluently(BaseWebController.java:315)
at com.enactor.core.automation.controller.BaseWebController.waitForElement(BaseWebController.java:219)
at com.enactor.core.automation.controller.BaseWebController.waitForElement(BaseWebController.java:193)
at com.enactor.pos.mobile.web.MobileWebPosStepProvider.checkWindow(MobileWebPosStepProvider.java:42)
at com.enactor.pos.web.BaseWebPosStepsProvider.checkWindow(BaseWebPosStepsProvider.java:107)
at com.enactor.retail.pos.stepDefinitions.CommonPosSteps.checkPageShown(CommonPosSteps.java:366)
at com.enactor.retail.pos.stepDefinitions.CommonPosSteps.userPressesButtonOnCurrentPageAndPageShown(CommonPosSteps.java:215)
at ✽.user presses "OK" button and "Gift Card History List" page shown(file:///D:/RDF_POS_Test/MobilePOSAutomationTests-UIComparison/Mobile-UIComparison/MobilePOSUITests/target/dependencyTests/feature/retail/pos/posRetailFunctions/giftCards/GiftCard.feature:181)
Caused by: org.openqa.selenium.TimeoutException: Expected condition failed: waiting for com.enactor.core.automation.controller.BaseWebController$4@1332dec4 (tried for 40 second(s) with 1000 milliseconds interval)
at org.openqa.selenium.support.ui.FluentWait.timeoutException(FluentWait.java:304)
at org.openqa.selenium.support.ui.FluentWait.until(FluentWait.java:272)
at com.enactor.core.automation.controller.BaseWebController.findElementFluently(BaseWebController.java:309)
at com.enactor.core.automation.controller.BaseWebController.waitForElement(BaseWebController.java:219)
at com.enactor.core.automation.controller.BaseWebController.waitForElement(BaseWebController.java:193)
at com.enactor.pos.mobile.web.MobileWebPosStepProvider.checkWindow(MobileWebPosStepProvider.java:42)
at com.enactor.pos.web.BaseWebPosStepsProvider.checkWindow(BaseWebPosStepsProvider.java:107)
at com.enactor.retail.pos.stepDefinitions.CommonPosSteps.checkPageShown(CommonPosSteps.java:366)
at com.enactor.retail.pos.stepDefinitions.CommonPosSteps.userPressesButtonOnCurrentPageAndPageShown(CommonPosSteps.java:215)
at java.base/jdk.internal.reflect.NativeMethodAccessorImpl.invoke0(Native Method)
at java.base/jdk.internal.reflect.NativeMethodAccessorImpl.invoke(NativeMethodAccessorImpl.java:77)
at java.base/jdk.internal.reflect.DelegatingMethodAccessorImpl.invoke(DelegatingMethodAccessorImpl.java:43)
at java.base/java.lang.reflect.Method.invoke(Method.java:568)
at io.cucumber.java.Invoker.doInvoke(Invoker.java:66)
at io.cucumber.java.Invoker.invoke(Invoker.java:24)
at io.cucumber.java.AbstractGlueDefinition.invokeMethod(AbstractGlueDefinition.java:47)
at io.cucumber.java.JavaStepDefinition.execute(JavaStepDefinition.java:29)
at io.cucumber.core.runner.CoreStepDefinition.execute(CoreStepDefinition.java:66)
at io.cucumber.core.runner.PickleStepDefinitionMatch.runStep(PickleStepDefinitionMatch.java:63)
at io.cucumber.core.runner.ExecutionMode$1.execute(ExecutionMode.java:10)
at io.cucumber.core.runner.TestStep.executeStep(TestStep.java:84)
at io.cucumber.core.runner.TestStep.run(TestStep.java:56)
at io.cucumber.core.runner.PickleStepTestStep.run(PickleStepTestStep.java:51)
at io.cucumber.core.runner.TestCase.run(TestCase.java:84)
at io.cucumber.core.runner.Runner.runPickle(Runner.java:75)
at io.cucumber.testng.TestNGCucumberRunner.lambda$runScenario$1(TestNGCucumberRunner.java:132)
at io.cucumber.core.runtime.CucumberExecutionContext.lambda$runTestCase$5(CucumberExecutionContext.java:130)
at io.cucumber.core.runtime.RethrowingThrowableCollector.executeAndThrow(RethrowingThrowableCollector.java:23)
at io.cucumber.core.runtime.CucumberExecutionContext.runTestCase(CucumberExecutionContext.java:130)
at io.cucumber.testng.TestNGCucumberRunner.runScenario(TestNGCucumberRunner.java:129)
at com.enactor.core.automation.cucumber.RunCucumberTests.runScenario(RunCucumberTests.java:72)
at java.base/jdk.internal.reflect.NativeMethodAccessorImpl.invoke0(Native Method)
at java.base/jdk.internal.reflect.NativeMethodAccessorImpl.invoke(NativeMethodAccessorImpl.java:77)
at java.base/jdk.internal.reflect.DelegatingMethodAccessorImpl.invoke(DelegatingMethodAccessorImpl.java:43)
at java.base/java.lang.reflect.Method.invoke(Method.java:568)
at org.testng.internal.invokers.MethodInvocationHelper.invokeMethod(MethodInvocationHelper.java:136)
at org.testng.internal.invokers.TestInvoker.invokeMethod(TestInvoker.java:658)
at org.testng.internal.invokers.TestInvoker.invokeTestMethod(TestInvoker.java:219)
at org.testng.internal.invokers.MethodRunner.runInSequence(MethodRunner.java:50)
at org.testng.internal.invokers.TestInvoker$MethodInvocationAgent.invoke(TestInvoker.java:923)
at org.testng.internal.invokers.TestInvoker.invokeTestMethods(TestInvoker.java:192)
at org.testng.internal.invokers.TestMethodWorker.invokeTestMethods(TestMethodWorker.java:146)
at org.testng.internal.invokers.TestMethodWorker.run(TestMethodWorker.java:128)
at java.base/java.util.ArrayList.forEach(ArrayList.java:1511)
at org.testng.TestRunner.privateRun(TestRunner.java:808)
at org.testng.TestRunner.run(TestRunner.java:603)
at org.testng.SuiteRunner.runTest(SuiteRunner.java:429)
at org.testng.SuiteRunner.runSequentially(SuiteRunner.java:423)
at org.testng.SuiteRunner.privateRun(SuiteRunner.java:383)
at org.testng.SuiteRunner.run(SuiteRunner.java:326)
at org.testng.SuiteRunnerWorker.runSuite(SuiteRunnerWorker.java:52)
at org.testng.SuiteRunnerWorker.run(SuiteRunnerWorker.java:95)
at org.testng.TestNG.runSuitesSequentially(TestNG.java:1249)
at org.testng.TestNG.runSuitesLocally(TestNG.java:1169)
at org.testng.TestNG.runSuites(TestNG.java:1092)
at org.testng.TestNG.run(TestNG.java:1060)
at org.apache.maven.surefire.testng.TestNGExecutor.run(TestNGExecutor.java:308)
at org.apache.maven.surefire.testng.TestNGXmlTestSuite.execute(TestNGXmlTestSuite.java:71)
at org.apache.maven.surefire.testng.TestNGProvider.invoke(TestNGProvider.java:113)
at org.apache.maven.surefire.booter.ForkedBooter.runSuitesInProcess(ForkedBooter.java:385)
at org.apache.maven.surefire.booter.ForkedBooter.execute(ForkedBooter.java:162)
at org.apache.maven.surefire.booter.ForkedBooter.run(ForkedBooter.java:507)
at org.apache.maven.surefire.booter.ForkedBooter.main(ForkedBooter.java:495)
Caused by: org.openqa.selenium.NoSuchElementException: no such element: Unable to locate element: {"method":"xpath","selector":"//*[@id='Pos-GiftCard-GiftCardHistory.Pos-GiftCard-GiftCardHistoryList']"}
  (Session info: chrome=150.0.7871.46)
For documentation on this error, please visit: https://www.seleniumhq.org/exceptions/no_such_element.html
Build info: version: '3.141.59', revision: 'e82be7d358', time: '2018-11-14T08:17:03'
System info: host: 'LK-LSB88GA-SHEH', ip: '10.3.31.144', os.name: 'Windows 11', os.arch: 'amd64', os.version: '10.0', java.version: '17.0.2'
Driver info: io.appium.java_client.android.AndroidDriver
Capabilities {androidDeviceReadyTimeout: 60, appActivity: com.enactor.pos.MainActivity, appPackage: com.enactor.pos, autoGrantPermissions: true, autoLaunch: false, automationName: UiAutomator2, chromedriverExecutable: D:\Data\chromedriver-win64\..., chromedriverUseSystemExecutable: false, clearDeviceLogsOnStart: false, databaseEnabled: false, desired: {androidDeviceReadyTimeout: 60, appActivity: com.enactor.pos.MainActivity, appPackage: com.enactor.pos, autoGrantPermissions: true, autoLaunch: false, automationName: UiAutomator2, chromedriverExecutable: D:\Data\chromedriver-win64\..., chromedriverUseSystemExecutable: false, clearDeviceLogsOnStart: false, ensureWebviewsHavePages: true, fullReset: false, nativeWebTap: false, newCommandTimeout: 0, noReset: true, platformName: android, platformVersion: 15, udid: R58X508H3SY, webviewConnectTimeout: 900000}, deviceApiLevel: 36, deviceManufacturer: samsung, deviceModel: SM-A155F, deviceName: R58X508H3SY, deviceScreenDensity: 450, deviceScreenSize: 1080x2340, deviceUDID: R58X508H3SY, ensureWebviewsHavePages: true, fullReset: false, javascriptEnabled: true, locationContextEnabled: false, nativeWebTap: false, networkConnectionEnabled: true, newCommandTimeout: 0, noReset: true, pixelRatio: 2.8125, platform: LINUX, platformName: Android, platformVersion: 16, statBarHeight: 80, takesScreenshot: true, udid: R58X508H3SY, viewportRect: {height: 2260, left: 0, top: 80, width: 1080}, warnings: {}, webStorageEnabled: false, webviewConnectTimeout: 900000}
Session ID: 85ab6187-d4ee-4b93-9580-d67cf1d1e2a0
*** Element info: {Using=xpath, value=//*[@id='Pos-GiftCard-GiftCardHistory.Pos-GiftCard-GiftCardHistoryList']}
at jdk.internal.reflect.GeneratedConstructorAccessor22.newInstance(Unknown Source)
at java.base/jdk.internal.reflect.DelegatingConstructorAccessorImpl.newInstance(DelegatingConstructorAccessorImpl.java:45)
at java.base/java.lang.reflect.Constructor.newInstanceWithCaller(Constructor.java:499)
at java.base/java.lang.reflect.Constructor.newInstance(Constructor.java:480)
at org.openqa.selenium.remote.http.W3CHttpResponseCodec.createException(W3CHttpResponseCodec.java:187)
at org.openqa.selenium.remote.http.W3CHttpResponseCodec.decode(W3CHttpResponseCodec.java:122)
at org.openqa.selenium.remote.http.W3CHttpResponseCodec.decode(W3CHttpResponseCodec.java:49)
at org.openqa.selenium.remote.HttpCommandExecutor.execute(HttpCommandExecutor.java:158)
at io.appium.java_client.remote.AppiumCommandExecutor.execute(AppiumCommandExecutor.java:247)
at org.openqa.selenium.remote.RemoteWebDriver.execute(RemoteWebDriver.java:552)
at io.appium.java_client.DefaultGenericMobileDriver.execute(DefaultGenericMobileDriver.java:41)
at io.appium.java_client.AppiumDriver.execute(AppiumDriver.java:1)
at io.appium.java_client.android.AndroidDriver.execute(AndroidDriver.java:1)
at org.openqa.selenium.remote.RemoteWebDriver.findElement(RemoteWebDriver.java:323)
at io.appium.java_client.DefaultGenericMobileDriver.findElement(DefaultGenericMobileDriver.java:61)
at io.appium.java_client.AppiumDriver.findElement(AppiumDriver.java:1)
at io.appium.java_client.android.AndroidDriver.findElement(AndroidDriver.java:1)
at org.openqa.selenium.remote.RemoteWebDriver.findElementByXPath(RemoteWebDriver.java:428)
at io.appium.java_client.DefaultGenericMobileDriver.findElementByXPath(DefaultGenericMobileDriver.java:151)
at io.appium.java_client.AppiumDriver.findElementByXPath(AppiumDriver.java:1)
at io.appium.java_client.android.AndroidDriver.findElementByXPath(AndroidDriver.java:1)
at org.openqa.selenium.By$ByXPath.findElement(By.java:353)
at org.openqa.selenium.remote.RemoteWebDriver.findElement(RemoteWebDriver.java:315)
at io.appium.java_client.DefaultGenericMobileDriver.findElement(DefaultGenericMobileDriver.java:57)
at io.appium.java_client.AppiumDriver.findElement(AppiumDriver.java:1)
at io.appium.java_client.android.AndroidDriver.findElement(AndroidDriver.java:1)
at com.enactor.core.automation.controller.BaseWebController$4.apply(BaseWebController.java:311)
at com.enactor.core.automation.controller.BaseWebController$4.apply(BaseWebController.java:309)
at org.openqa.selenium.support.ui.FluentWait.until(FluentWait.java:249)
... 61 more
]]>
            </full-stacktrace>
          </exception> <!-- com.enactor.core.automation.AUT.AutomationException -->
          <reporter-output>
            <line>
              <![CDATA[@PT-5, @SET2, @ToBeFixedAutTest, @ViewGiftCardHistory, @GiftCard, @POS, @Dunelm, @JYSK, @MVP, @AUTOMATED, @ReactPOS, @POSValidatedTest, @POSSet2]]>
            </line>
            <line>
              <![CDATA[App is running. Terminating...<br/>]]>
            </line>
            <line>
              <![CDATA[Launching app...<br/>]]>
            </line>
            <line>
              <![CDATA[Current contexts: [NATIVE_APP, WEBVIEW_stetho_com.google.android.apps.messaging] and waiting for target context: WEBVIEW_com.enactor.pos<br/>]]>
            </line>
            <line>
              <![CDATA[Target context found: WEBVIEW_com.enactor.pos<br/>]]>
            </line>
            <line>
              <![CDATA[Entering text '000101' into element 'By.xpath: //input[@test-component-id='INPUT_TEXT_1']|//textarea[@test-component-id='INPUT_TEXT_1']<br/>]]>
            </line>
            <line>
              <![CDATA[Attempting to resolve timeout by scrolling into view (49, 159);<br/>]]>
            </line>
            <line>
              <![CDATA[Entered text '000101' into element '[[io.appium.java_client.android.AndroidDriver, Capabilities: {androidDeviceReadyTimeout=60, appActivity=com.enactor.pos.MainActivity, appPackage=com.enactor.pos, autoGrantPermissions=true, autoLaunch=false, automationName=UiAutomator2, chromedriverExecutable=D:\Data\chromedriver-win64\chromedriver.exe, chromedriverUseSystemExecutable=false, clearDeviceLogsOnStart=false, databaseEnabled=false, desired={platformName=android, androidDeviceReadyTimeout=60, appActivity=com.enactor.pos.MainActivity, appPackage=com.enactor.pos, autoGrantPermissions=true, autoLaunch=false, chromedriverExecutable=D:\Data\chromedriver-win64\chromedriver.exe, chromedriverUseSystemExecutable=false, clearDeviceLogsOnStart=false, ensureWebviewsHavePages=true, nativeWebTap=false, webviewConnectTimeout=900000, automationName=UiAutomator2, fullReset=false, newCommandTimeout=0, noReset=true, platformVersion=15, udid=R58X508H3SY}, deviceApiLevel=36, deviceManufacturer=samsung, deviceModel=SM-A155F, deviceName=R58X508H3SY, deviceScreenDensity=450, deviceScreenSize=1080x2340, deviceUDID=R58X508H3SY, ensureWebviewsHavePages=true, fullReset=false, javascriptEnabled=true, locationContextEnabled=false, nativeWebTap=false, networkConnectionEnabled=true, newCommandTimeout=0, noReset=true, pixelRatio=2.8125, platform=LINUX, platformName=Android, platformVersion=16, statBarHeight=80, takesScreenshot=true, udid=R58X508H3SY, viewportRect={left=0, top=80, width=1080, height=2260}, warnings={}, webStorageEnabled=false, webviewConnectTimeout=900000}] -> xpath: //input[@test-component-id='INPUT_TEXT_1']|//textarea[@test-component-id='INPUT_TEXT_1']]<br/>]]>
            </line>
            <line>
              <![CDATA[Entering text '000101' into element 'By.xpath: //input[@test-component-id='INPUT_TEXT_2']|//textarea[@test-component-id='INPUT_TEXT_2']<br/>]]>
            </line>
            <line>
              <![CDATA[Attempting to resolve timeout by scrolling into view (49, 245);<br/>]]>
            </line>
            <line>
              <![CDATA[Entered text '000101' into element '[[io.appium.java_client.android.AndroidDriver, Capabilities: {androidDeviceReadyTimeout=60, appActivity=com.enactor.pos.MainActivity, appPackage=com.enactor.pos, autoGrantPermissions=true, autoLaunch=false, automationName=UiAutomator2, chromedriverExecutable=D:\Data\chromedriver-win64\chromedriver.exe, chromedriverUseSystemExecutable=false, clearDeviceLogsOnStart=false, databaseEnabled=false, desired={platformName=android, androidDeviceReadyTimeout=60, appActivity=com.enactor.pos.MainActivity, appPackage=com.enactor.pos, autoGrantPermissions=true, autoLaunch=false, chromedriverExecutable=D:\Data\chromedriver-win64\chromedriver.exe, chromedriverUseSystemExecutable=false, clearDeviceLogsOnStart=false, ensureWebviewsHavePages=true, nativeWebTap=false, webviewConnectTimeout=900000, automationName=UiAutomator2, fullReset=false, newCommandTimeout=0, noReset=true, platformVersion=15, udid=R58X508H3SY}, deviceApiLevel=36, deviceManufacturer=samsung, deviceModel=SM-A155F, deviceName=R58X508H3SY, deviceScreenDensity=450, deviceScreenSize=1080x2340, deviceUDID=R58X508H3SY, ensureWebviewsHavePages=true, fullReset=false, javascriptEnabled=true, locationContextEnabled=false, nativeWebTap=false, networkConnectionEnabled=true, newCommandTimeout=0, noReset=true, pixelRatio=2.8125, platform=LINUX, platformName=Android, platformVersion=16, statBarHeight=80, takesScreenshot=true, udid=R58X508H3SY, viewportRect={left=0, top=80, width=1080, height=2260}, warnings={}, webStorageEnabled=false, webviewConnectTimeout=900000}] -> xpath: //input[@test-component-id='INPUT_TEXT_2']|//textarea[@test-component-id='INPUT_TEXT_2']]<br/>]]>
            </line>
            <line>
              <![CDATA[Entering text '9526300500192837461' into element 'By.xpath: //input[@test-component-id='InputBox']|//textarea[@test-component-id='InputBox']<br/>]]>
            </line>
            <line>
              <![CDATA[Attempting to resolve timeout by scrolling into view (15, 647);<br/>]]>
            </line>
            <line>
              <![CDATA[Entered text '9526300500192837461' into element '[[io.appium.java_client.android.AndroidDriver, Capabilities: {androidDeviceReadyTimeout=60, appActivity=com.enactor.pos.MainActivity, appPackage=com.enactor.pos, autoGrantPermissions=true, autoLaunch=false, automationName=UiAutomator2, chromedriverExecutable=D:\Data\chromedriver-win64\chromedriver.exe, chromedriverUseSystemExecutable=false, clearDeviceLogsOnStart=false, databaseEnabled=false, desired={platformName=android, androidDeviceReadyTimeout=60, appActivity=com.enactor.pos.MainActivity, appPackage=com.enactor.pos, autoGrantPermissions=true, autoLaunch=false, chromedriverExecutable=D:\Data\chromedriver-win64\chromedriver.exe, chromedriverUseSystemExecutable=false, clearDeviceLogsOnStart=false, ensureWebviewsHavePages=true, nativeWebTap=false, webviewConnectTimeout=900000, automationName=UiAutomator2, fullReset=false, newCommandTimeout=0, noReset=true, platformVersion=15, udid=R58X508H3SY}, deviceApiLevel=36, deviceManufacturer=samsung, deviceModel=SM-A155F, deviceName=R58X508H3SY, deviceScreenDensity=450, deviceScreenSize=1080x2340, deviceUDID=R58X508H3SY, ensureWebviewsHavePages=true, fullReset=false, javascriptEnabled=true, locationContextEnabled=false, nativeWebTap=false, networkConnectionEnabled=true, newCommandTimeout=0, noReset=true, pixelRatio=2.8125, platform=LINUX, platformName=Android, platformVersion=16, statBarHeight=80, takesScreenshot=true, udid=R58X508H3SY, viewportRect={left=0, top=80, width=1080, height=2260}, warnings={}, webStorageEnabled=false, webviewConnectTimeout=900000}] -> xpath: //input[@test-component-id='InputBox']|//textarea[@test-component-id='InputBox']]<br/>]]>
            </line>
            <line>
              <![CDATA[Current contexts: [NATIVE_APP, WEBVIEW_com.enactor.pos, WEBVIEW_stetho_com.google.android.apps.messaging] and waiting for target context: NATIVE_APP<br/>]]>
            </line>
            <line>
              <![CDATA[Target context found: NATIVE_APP<br/>]]>
            </line>
            <line>
              <![CDATA[Current contexts: [NATIVE_APP, WEBVIEW_stetho_com.google.android.apps.messaging] and waiting for target context: WEBVIEW_com.enactor.pos<br/>]]>
            </line>
            <line>
              <![CDATA[Target context found: WEBVIEW_com.enactor.pos<br/>]]>
            </line>
          </reporter-output>
        </test-method> <!-- runScenario -->
        <test-method is-config="true" signature="tearDownClass()[pri:0, instance:com.enactor.core.automation.cucumber.RunCucumberTests@31190526]" started-at="2026-07-15T11:48:32 BST" name="tearDownClass" finished-at="2026-07-15T11:48:32 BST" duration-ms="2" status="PASS">
          <reporter-output>
          </reporter-output>
        </test-method> <!-- tearDownClass -->
      </class> <!-- com.enactor.core.automation.cucumber.RunCucumberTests -->
    </test> <!-- feature.sale -->
  </suite> <!-- Pos test -->
</testng-results>
