<?xml version="1.0" encoding="UTF-8"?>
<testsuite xmlns:xsi="http://www.w3.org/2001/XMLSchema-instance" xsi:noNamespaceSchemaLocation="https://maven.apache.org/surefire/maven-surefire-plugin/xsd/surefire-test-report-3.0.xsd" version="3.0" name="TestSuite" time="142.808" tests="1" errors="0" skipped="0" failures="1">
  <properties>
[...]
</properties>
  <testcase name="runScenario[&quot;Perform a sale transaction and tender with gift voucher with value less than transaction amount and tender balance with cash&quot;, &quot;Gift voucher redemption&quot;](1)" classname="com.enactor.core.automation.cucumber.RunCucumberTests" time="139.911">
    <failure message="Cannot parse null string" type="java.lang.NumberFormatException"><![CDATA[java.lang.NumberFormatException: Cannot parse null string
	at java.base/java.lang.Integer.parseInt(Integer.java:630)
	at java.base/java.lang.Integer.parseInt(Integer.java:786)
	at com.enactor.pos.web.BaseWebPosStepsProvider.getBasketItemsCount(BaseWebPosStepsProvider.java:126)
	at com.enactor.pos.web.BaseWebPosStepsProvider.pressButton(BaseWebPosStepsProvider.java:516)
	at com.enactor.pos.mobile.web.MobileWebPosStepProvider.pressButton(MobileWebPosStepProvider.java:75)
	at com.enactor.retail.pos.stepDefinitions.CommonPosSteps.userPressesButtonOnCurrentPage(CommonPosSteps.java:121)
	at ✽.user presses "ENT" button(file:///D:/RDF_POS_Test/MobilePOSAutomationTests-UIComparison/Mobile-UIComparison/MobilePOSUITests/target/dependencyTests/feature/retail/pos/posRetailFunctions/vouchers/GiftVoucherRedemption.feature:35)
]]></failure>
    <system-out><![CDATA[
@PT-6 @AUTOMATED @MVP @Mobile @GiftVoucherRedemption_GiftVoucherLessThanTransactionAmount @GiftVoucherRedemption @POS @Smoke @POSValidatedTest @POSSet4
Scenario: Perform a sale transaction and tender with gift voucher with value less than transaction amount and tender balance with cash &amp#27;[90m# target/dependencyTests/feature/retail/pos/posRetailFunctions/vouchers/GiftVoucherRedemption.feature:32&amp#27;[0m
Logging properties initialised
Setting default logger manager com.enactor.core.logging.Log4jLoggerManager
App is running. Terminating...
Launching app...
Current contexts: [NATIVE_APP, WEBVIEW_stetho_com.google.android.apps.messaging] and waiting for target context: WEBVIEW_com.enactor.pos
Target context found: WEBVIEW_com.enactor.pos
AUTOMATION_VISITED_THE_PAGE: Pos/SignOn/SignOn-Pos/SignOn/EnterUser
Entering text '000101' into element 'By.xpath: //input[@test-component-id='INPUT_TEXT_1']|//textarea[@test-component-id='INPUT_TEXT_1']
Attempting to resolve timeout by scrolling into view (50, 159);
Entered text '000101' into element '[[io.appium.java_client.android.AndroidDriver, Capabilities: {androidDeviceReadyTimeout=60, appActivity=com.enactor.pos.MainActivity, appPackage=com.enactor.pos, autoGrantPermissions=true, autoLaunch=false, automationName=UiAutomator2, chromedriverExecutable=C:\tools\chromedriver\chromedriver.exe, chromedriverUseSystemExecutable=false, clearDeviceLogsOnStart=false, databaseEnabled=false, desired={platformName=android, androidDeviceReadyTimeout=60, appActivity=com.enactor.pos.MainActivity, appPackage=com.enactor.pos, autoGrantPermissions=true, autoLaunch=false, chromedriverExecutable=C:\tools\chromedriver\chromedriver.exe, chromedriverUseSystemExecutable=false, clearDeviceLogsOnStart=false, ensureWebviewsHavePages=true, nativeWebTap=false, webviewConnectTimeout=900000, automationName=UiAutomator2, fullReset=false, newCommandTimeout=0, noReset=true, platformVersion=15, udid=37201FDJH0040J}, deviceApiLevel=36, deviceManufacturer=Google, deviceModel=Pixel 8, deviceName=37201FDJH0040J, deviceScreenDensity=420, deviceScreenSize=1080x2400, deviceUDID=37201FDJH0040J, ensureWebviewsHavePages=true, fullReset=false, javascriptEnabled=true, locationContextEnabled=false, nativeWebTap=false, networkConnectionEnabled=true, newCommandTimeout=0, noReset=true, pixelRatio=2.625, platform=LINUX, platformName=Android, platformVersion=16, statBarHeight=132, takesScreenshot=true, udid=37201FDJH0040J, viewportRect={left=0, top=132, width=1080, height=2268}, warnings={}, webStorageEnabled=false, webviewConnectTimeout=900000}] -> xpath: //input[@test-component-id='INPUT_TEXT_1']|//textarea[@test-component-id='INPUT_TEXT_1']]
Entering text '000101' into element 'By.xpath: //input[@test-component-id='INPUT_TEXT_2']|//textarea[@test-component-id='INPUT_TEXT_2']
Attempting to resolve timeout by scrolling into view (50, 245);
Entered text '000101' into element '[[io.appium.java_client.android.AndroidDriver, Capabilities: {androidDeviceReadyTimeout=60, appActivity=com.enactor.pos.MainActivity, appPackage=com.enactor.pos, autoGrantPermissions=true, autoLaunch=false, automationName=UiAutomator2, chromedriverExecutable=C:\tools\chromedriver\chromedriver.exe, chromedriverUseSystemExecutable=false, clearDeviceLogsOnStart=false, databaseEnabled=false, desired={platformName=android, androidDeviceReadyTimeout=60, appActivity=com.enactor.pos.MainActivity, appPackage=com.enactor.pos, autoGrantPermissions=true, autoLaunch=false, chromedriverExecutable=C:\tools\chromedriver\chromedriver.exe, chromedriverUseSystemExecutable=false, clearDeviceLogsOnStart=false, ensureWebviewsHavePages=true, nativeWebTap=false, webviewConnectTimeout=900000, automationName=UiAutomator2, fullReset=false, newCommandTimeout=0, noReset=true, platformVersion=15, udid=37201FDJH0040J}, deviceApiLevel=36, deviceManufacturer=Google, deviceModel=Pixel 8, deviceName=37201FDJH0040J, deviceScreenDensity=420, deviceScreenSize=1080x2400, deviceUDID=37201FDJH0040J, ensureWebviewsHavePages=true, fullReset=false, javascriptEnabled=true, locationContextEnabled=false, nativeWebTap=false, networkConnectionEnabled=true, newCommandTimeout=0, noReset=true, pixelRatio=2.625, platform=LINUX, platformName=Android, platformVersion=16, statBarHeight=132, takesScreenshot=true, udid=37201FDJH0040J, viewportRect={left=0, top=132, width=1080, height=2268}, warnings={}, webStorageEnabled=false, webviewConnectTimeout=900000}] -> xpath: //input[@test-component-id='INPUT_TEXT_2']|//textarea[@test-component-id='INPUT_TEXT_2']]
AUTOMATION_VISITED_THE_PAGE: Pos/Sale/Sale-Pos/Sale/Sale
  &amp#27;[32mGiven &amp#27;[0m&amp#27;[32muser signs on as "&amp#27;[0m&amp#27;[32m&amp#27;[1mSales Assistant&amp#27;[0m&amp#27;[32m"&amp#27;[0m                                                                                             &amp#27;[90m# com.enactor.retail.pos.stepDefinitions.CommonPosSteps.signOn(java.lang.String)&amp#27;[0m
Entering text '500100' into element 'By.xpath: //input[@test-component-id='InputBox']|//textarea[@test-component-id='InputBox']
Attempting to resolve timeout by scrolling into view (15, 707);
Entered text '500100' into element '[[io.appium.java_client.android.AndroidDriver, Capabilities: {androidDeviceReadyTimeout=60, appActivity=com.enactor.pos.MainActivity, appPackage=com.enactor.pos, autoGrantPermissions=true, autoLaunch=false, automationName=UiAutomator2, chromedriverExecutable=C:\tools\chromedriver\chromedriver.exe, chromedriverUseSystemExecutable=false, clearDeviceLogsOnStart=false, databaseEnabled=false, desired={platformName=android, androidDeviceReadyTimeout=60, appActivity=com.enactor.pos.MainActivity, appPackage=com.enactor.pos, autoGrantPermissions=true, autoLaunch=false, chromedriverExecutable=C:\tools\chromedriver\chromedriver.exe, chromedriverUseSystemExecutable=false, clearDeviceLogsOnStart=false, ensureWebviewsHavePages=true, nativeWebTap=false, webviewConnectTimeout=900000, automationName=UiAutomator2, fullReset=false, newCommandTimeout=0, noReset=true, platformVersion=15, udid=37201FDJH0040J}, deviceApiLevel=36, deviceManufacturer=Google, deviceModel=Pixel 8, deviceName=37201FDJH0040J, deviceScreenDensity=420, deviceScreenSize=1080x2400, deviceUDID=37201FDJH0040J, ensureWebviewsHavePages=true, fullReset=false, javascriptEnabled=true, locationContextEnabled=false, nativeWebTap=false, networkConnectionEnabled=true, newCommandTimeout=0, noReset=true, pixelRatio=2.625, platform=LINUX, platformName=Android, platformVersion=16, statBarHeight=132, takesScreenshot=true, udid=37201FDJH0040J, viewportRect={left=0, top=132, width=1080, height=2268}, warnings={}, webStorageEnabled=false, webviewConnectTimeout=900000}] -> xpath: //input[@test-component-id='InputBox']|//textarea[@test-component-id='InputBox']]
  &amp#27;[32mWhen &amp#27;[0m&amp#27;[32muser enters "&amp#27;[0m&amp#27;[32m&amp#27;[1m${Product 1}&amp#27;[0m&amp#27;[32m" into "&amp#27;[0m&amp#27;[32m&amp#27;[1mInput Box&amp#27;[0m&amp#27;[32m" field&amp#27;[0m                                                                               &amp#27;[90m# com.enactor.retail.pos.stepDefinitions.CommonPosSteps.userEntersTextOnCurrentPage(java.lang.String,java.lang.String)&amp#27;[0m
  &amp#27;[31mAnd &amp#27;[0m&amp#27;[31muser presses "&amp#27;[0m&amp#27;[31m&amp#27;[1mENT&amp#27;[0m&amp#27;[31m" button&amp#27;[0m                                                                                                        &amp#27;[90m# com.enactor.retail.pos.stepDefinitions.CommonPosSteps.userPressesButtonOnCurrentPage(java.lang.String)&amp#27;[0m
      &amp#27;[31mjava.lang.NumberFormatException: Cannot parse null string
	at java.base/java.lang.Integer.parseInt(Integer.java:630)
	at java.base/java.lang.Integer.parseInt(Integer.java:786)
	at com.enactor.pos.web.BaseWebPosStepsProvider.getBasketItemsCount(BaseWebPosStepsProvider.java:126)
	at com.enactor.pos.web.BaseWebPosStepsProvider.pressButton(BaseWebPosStepsProvider.java:516)
	at com.enactor.pos.mobile.web.MobileWebPosStepProvider.pressButton(MobileWebPosStepProvider.java:75)
	at com.enactor.retail.pos.stepDefinitions.CommonPosSteps.userPressesButtonOnCurrentPage(CommonPosSteps.java:121)
	at âœ½.user presses "ENT" button(file:///D:/RDF_POS_Test/MobilePOSAutomationTests-UIComparison/Mobile-UIComparison/MobilePOSUITests/target/dependencyTests/feature/retail/pos/posRetailFunctions/vouchers/GiftVoucherRedemption.feature:35)
&amp#27;[0m
  &amp#27;[36mWhen &amp#27;[0m&amp#27;[36muser presses "&amp#27;[0m&amp#27;[36m&amp#27;[1mTOTAL&amp#27;[0m&amp#27;[36m" button and "&amp#27;[0m&amp#27;[36m&amp#27;[1mSelect Tender&amp#27;[0m&amp#27;[36m" page shown&amp#27;[0m                                                                      &amp#27;[90m# com.enactor.retail.pos.stepDefinitions.CommonPosSteps.userPressesButtonOnCurrentPageAndPageShown(java.lang.String,java.lang.String)&amp#27;[0m
  &amp#27;[36mAnd &amp#27;[0m&amp#27;[36muser presses "&amp#27;[0m&amp#27;[36m&amp#27;[1mVouchers&amp#27;[0m&amp#27;[36m" button&amp#27;[0m                                                                                                   &amp#27;[90m# com.enactor.retail.pos.stepDefinitions.CommonPosSteps.userPressesButtonOnCurrentPage(java.lang.String)&amp#27;[0m
  &amp#27;[36mAnd &amp#27;[0m&amp#27;[36muser presses "&amp#27;[0m&amp#27;[36m&amp#27;[1mGift Voucher&amp#27;[0m&amp#27;[36m" button and "&amp#27;[0m&amp#27;[36m&amp#27;[1mSelect Redeem Voucher&amp#27;[0m&amp#27;[36m" page shown&amp#27;[0m                                                        &amp#27;[90m# com.enactor.retail.pos.stepDefinitions.CommonPosSteps.userPressesButtonOnCurrentPageAndPageShown(java.lang.String,java.lang.String)&amp#27;[0m
  &amp#27;[36mAnd &amp#27;[0m&amp#27;[36muser presses "&amp#27;[0m&amp#27;[36m&amp#27;[1mSelect Voucher&amp#27;[0m&amp#27;[36m" button and "&amp#27;[0m&amp#27;[36m&amp#27;[1mSelect Redeem Voucher Type&amp#27;[0m&amp#27;[36m" page shown&amp#27;[0m                                                 &amp#27;[90m# com.enactor.retail.pos.stepDefinitions.CommonPosSteps.userPressesButtonOnCurrentPageAndPageShown(java.lang.String,java.lang.String)&amp#27;[0m
  &amp#27;[36mWhen &amp#27;[0m&amp#27;[36muser selects "&amp#27;[0m&amp#27;[36m&amp#27;[1mGift Voucher Test UK&amp#27;[0m&amp#27;[36m" from "&amp#27;[0m&amp#27;[36m&amp#27;[1mSelection List&amp#27;[0m&amp#27;[36m" list&amp#27;[0m                                                                  &amp#27;[90m# com.enactor.retail.pos.stepDefinitions.CommonPosSteps.userSelectsFromSelectionListOnCurrentPage(java.lang.String,java.lang.String)&amp#27;[0m
  &amp#27;[36mAnd &amp#27;[0m&amp#27;[36muser presses "&amp#27;[0m&amp#27;[36m&amp#27;[1mOK&amp#27;[0m&amp#27;[36m" button and "&amp#27;[0m&amp#27;[36m&amp#27;[1mSelect Redeem Voucher Sub Type&amp#27;[0m&amp#27;[36m" page shown&amp#27;[0m                                                         &amp#27;[90m# com.enactor.retail.pos.stepDefinitions.CommonPosSteps.userPressesButtonOnCurrentPageAndPageShown(java.lang.String,java.lang.String)&amp#27;[0m
  &amp#27;[36mAnd &amp#27;[0m&amp#27;[36muser selects "&amp#27;[0m&amp#27;[36m&amp#27;[1mÂ£15&amp#27;[0m&amp#27;[36m" from "&amp#27;[0m&amp#27;[36m&amp#27;[1mSelection List&amp#27;[0m&amp#27;[36m" list&amp#27;[0m                                                                                    &amp#27;[90m# com.enactor.retail.pos.stepDefinitions.CommonPosSteps.userSelectsFromSelectionListOnCurrentPage(java.lang.String,java.lang.String)&amp#27;[0m
  &amp#27;[36mAnd &amp#27;[0m&amp#27;[36muser presses "&amp#27;[0m&amp#27;[36m&amp#27;[1mOK&amp#27;[0m&amp#27;[36m" button and "&amp#27;[0m&amp#27;[36m&amp#27;[1mEnter Voucher Serial Number&amp#27;[0m&amp#27;[36m" page shown&amp#27;[0m                                                            &amp#27;[90m# com.enactor.retail.pos.stepDefinitions.CommonPosSteps.userPressesButtonOnCurrentPageAndPageShown(java.lang.String,java.lang.String)&amp#27;[0m
  &amp#27;[36mWhen &amp#27;[0m&amp#27;[36muser enters "&amp#27;[0m&amp#27;[36m&amp#27;[1m${Gift Voucher Number 2}&amp#27;[0m&amp#27;[36m" into "&amp#27;[0m&amp#27;[36m&amp#27;[1mInput Box&amp#27;[0m&amp#27;[36m" field&amp#27;[0m                                                                   &amp#27;[90m# com.enactor.retail.pos.stepDefinitions.CommonPosSteps.userEntersTextOnCurrentPage(java.lang.String,java.lang.String)&amp#27;[0m
  &amp#27;[36mAnd &amp#27;[0m&amp#27;[36muser presses "&amp#27;[0m&amp#27;[36m&amp#27;[1mOK&amp#27;[0m&amp#27;[36m" button and "&amp#27;[0m&amp#27;[36m&amp#27;[1mSelect Redeem Voucher&amp#27;[0m&amp#27;[36m" page shown&amp#27;[0m                                                                  &amp#27;[90m# com.enactor.retail.pos.stepDefinitions.CommonPosSteps.userPressesButtonOnCurrentPageAndPageShown(java.lang.String,java.lang.String)&amp#27;[0m
  &amp#27;[36mAnd &amp#27;[0m&amp#27;[36muser presses "&amp#27;[0m&amp#27;[36m&amp#27;[1mBack&amp#27;[0m&amp#27;[36m" button and "&amp#27;[0m&amp#27;[36m&amp#27;[1mSelect Tender&amp#27;[0m&amp#27;[36m" page shown&amp#27;[0m                                                                        &amp#27;[90m# com.enactor.retail.pos.stepDefinitions.CommonPosSteps.userPressesButtonOnCurrentPageAndPageShown(java.lang.String,java.lang.String)&amp#27;[0m
  &amp#27;[36mThen &amp#27;[0m&amp#27;[36muser presses "&amp#27;[0m&amp#27;[36m&amp#27;[1mCash&amp#27;[0m&amp#27;[36m" button and "&amp#27;[0m&amp#27;[36m&amp#27;[1mEnter Cash Tender Amount&amp#27;[0m&amp#27;[36m" page shown&amp#27;[0m                                                            &amp#27;[90m# com.enactor.retail.pos.stepDefinitions.CommonPosSteps.userPressesButtonOnCurrentPageAndPageShown(java.lang.String,java.lang.String)&amp#27;[0m
  &amp#27;[36mAnd &amp#27;[0m&amp#27;[36muser presses "&amp#27;[0m&amp#27;[36m&amp#27;[1mOK&amp#27;[0m&amp#27;[36m" button and "&amp#27;[0m&amp#27;[36m&amp#27;[1mAwait Drawer Closed&amp#27;[0m&amp#27;[36m" page shown&amp#27;[0m                                                                    &amp#27;[90m# com.enactor.retail.pos.stepDefinitions.CommonPosSteps.userPressesButtonOnCurrentPageAndPageShown(java.lang.String,java.lang.String)&amp#27;[0m
  &amp#27;[36mAnd &amp#27;[0m&amp#27;[36m"&amp#27;[0m&amp#27;[36m&amp#27;[1m${Product 1 Description}&amp#27;[0m&amp#27;[36m" is displayed in "&amp#27;[0m&amp#27;[36m&amp#27;[1mReceipt&amp#27;[0m&amp#27;[36m" list&amp#27;[0m                                                                        &amp#27;[90m# com.enactor.retail.pos.stepDefinitions.CommonPosSteps.checkItemDisplayOnCurrentPage(java.lang.String,java.lang.String)&amp#27;[0m
  &amp#27;[36mAnd &amp#27;[0m&amp#27;[36m"&amp#27;[0m&amp#27;[36m&amp#27;[1mRedeem Gift Voucher Test UK&amp#27;[0m&amp#27;[36m" is displayed in "&amp#27;[0m&amp#27;[36m&amp#27;[1mReceipt&amp#27;[0m&amp#27;[36m" list&amp#27;[0m                                                                     &amp#27;[90m# com.enactor.retail.pos.stepDefinitions.CommonPosSteps.checkItemDisplayOnCurrentPage(java.lang.String,java.lang.String)&amp#27;[0m
  &amp#27;[36mAnd &amp#27;[0m&amp#27;[36mreceipt display with following details&amp#27;[0m                                                                                           &amp#27;[90m# com.enactor.retail.pos.stepDefinitions.CommonPosSteps.confirmReceipt(io.cucumber.datatable.DataTable)&amp#27;[0m
    | address   | ${Street 1},${Street 2},${Town},${County},${Postcode} |
    | telephone | Tel: ${Store Phone 1}                                 |
    | item      | ${Product 1 Description},${Product 1 Price}           |
  &amp#27;[36mWhen &amp#27;[0m&amp#27;[36muser presses "&amp#27;[0m&amp#27;[36m&amp#27;[1mClose&amp#27;[0m&amp#27;[36m" button on external "&amp#27;[0m&amp#27;[36m&amp#27;[1mCash Drawer&amp#27;[0m&amp#27;[36m" window&amp#27;[0m                                                                    &amp#27;[90m# com.enactor.retail.pos.stepDefinitions.CommonPosSteps.userPressesButtonOnPage(java.lang.String,java.lang.String)&amp#27;[0m
  &amp#27;[36mThen &amp#27;[0m&amp#27;[36m"&amp#27;[0m&amp#27;[36m&amp#27;[1mTransaction Basket&amp#27;[0m&amp#27;[36m" page is shown&amp#27;[0m                                                                                              &amp#27;[90m# com.enactor.retail.pos.stepDefinitions.CommonPosSteps.checkPageShown(java.lang.String)&amp#27;[0m
  &amp#27;[36mWhen &amp#27;[0m&amp#27;[36muser presses "&amp#27;[0m&amp#27;[36m&amp#27;[1mSignOff&amp#27;[0m&amp#27;[36m" button&amp#27;[0m                                                                                                   &amp#27;[90m# com.enactor.retail.pos.stepDefinitions.CommonPosSteps.userPressesButtonOnCurrentPage(java.lang.String)&amp#27;[0m
  &amp#27;[36mThen &amp#27;[0m&amp#27;[36m"&amp#27;[0m&amp#27;[36m&amp#27;[1mEnter User&amp#27;[0m&amp#27;[36m" page is shown&amp#27;[0m                                                                                                      &amp#27;[90m# com.enactor.retail.pos.stepDefinitions.CommonPosSteps.checkPageShown(java.lang.String)&amp#27;[0m
Current contexts: [NATIVE_APP, WEBVIEW_stetho_com.google.android.apps.messaging, WEBVIEW_com.enactor.pos] and waiting for target context: NATIVE_APP
Target context found: NATIVE_APP
Current contexts: [NATIVE_APP, WEBVIEW_stetho_com.google.android.apps.messaging] and waiting for target context: WEBVIEW_com.enactor.pos
Target context found: WEBVIEW_com.enactor.pos
]]></system-out>
    <system-err><![CDATA[Jul 17, 2026 2:11:26 PM io.appium.java_client.remote.AppiumCommandExecutor$1 lambda$0
INFO: Detected dialect: W3C
]]></system-err>
  </testcase>
</testsuite>