<?xml version="1.0" encoding="UTF-8"?>
<testsuite xmlns:xsi="http://www.w3.org/2001/XMLSchema-instance" xsi:noNamespaceSchemaLocation="https://maven.apache.org/surefire/maven-surefire-plugin/xsd/surefire-test-report-3.0.xsd" version="3.0" name="TestSuite" time="199.751" tests="1" errors="0" skipped="0" failures="1">
  <properties>
[...]
</properties>
  <testcase name="runScenario[&quot;View Gift Card history&quot;, &quot;Gift Card&quot;](1)" classname="com.enactor.core.automation.cucumber.RunCucumberTests" time="197.511">
    <failure message="Expected condition failed: waiting for com.enactor.core.automation.controller.BaseWebController$4@194012a2 (tried for 40 second(s) with 1000 milliseconds interval)" type="com.enactor.core.automation.AUT.AutomationException"><![CDATA[com.enactor.core.automation.AUT.AutomationException: Expected condition failed: waiting for com.enactor.core.automation.controller.BaseWebController$4@194012a2 (tried for 40 second(s) with 1000 milliseconds interval)
	at com.enactor.core.automation.controller.BaseWebController.findElementFluently(BaseWebController.java:315)
	at com.enactor.core.automation.controller.BaseWebController.waitForElement(BaseWebController.java:219)
	at com.enactor.core.automation.controller.BaseWebController.waitForElement(BaseWebController.java:193)
	at com.enactor.pos.mobile.web.MobileWebPosStepProvider.checkWindow(MobileWebPosStepProvider.java:42)
	at com.enactor.pos.web.BaseWebPosStepsProvider.checkWindow(BaseWebPosStepsProvider.java:107)
	at com.enactor.retail.pos.stepDefinitions.CommonPosSteps.checkPageShown(CommonPosSteps.java:366)
	at com.enactor.retail.pos.stepDefinitions.CommonPosSteps.userPressesButtonOnCurrentPageAndPageShown(CommonPosSteps.java:215)
	at ✽.user presses "OK" button and "Select Gift Card" page shown(file:///D:/RDF_POS_Test/MobilePOSAutomationTests-UIComparison/Mobile-UIComparison/MobilePOSUITests/target/dependencyTests/feature/retail/pos/posRetailFunctions/giftCards/GiftCard.feature:180)
Caused by: org.openqa.selenium.TimeoutException: Expected condition failed: waiting for com.enactor.core.automation.controller.BaseWebController$4@194012a2 (tried for 40 second(s) with 1000 milliseconds interval)
	at org.openqa.selenium.support.ui.FluentWait.timeoutException(FluentWait.java:304)
	at org.openqa.selenium.support.ui.FluentWait.until(FluentWait.java:272)
	at com.enactor.core.automation.controller.BaseWebController.findElementFluently(BaseWebController.java:309)
	at com.enactor.core.automation.controller.BaseWebController.waitForElement(BaseWebController.java:219)
	at com.enactor.core.automation.controller.BaseWebController.waitForElement(BaseWebController.java:193)
	at com.enactor.pos.mobile.web.MobileWebPosStepProvider.checkWindow(MobileWebPosStepProvider.java:42)
	at com.enactor.pos.web.BaseWebPosStepsProvider.checkWindow(BaseWebPosStepsProvider.java:107)
	at com.enactor.retail.pos.stepDefinitions.CommonPosSteps.checkPageShown(CommonPosSteps.java:366)
	at com.enactor.retail.pos.stepDefinitions.CommonPosSteps.userPressesButtonOnCurrentPageAndPageShown(CommonPosSteps.java:215)
	at java.base/jdk.internal.reflect.NativeMethodAccessorImpl.invoke0(Native Method)
	at java.base/jdk.internal.reflect.NativeMethodAccessorImpl.invoke(NativeMethodAccessorImpl.java:77)
	at java.base/jdk.internal.reflect.DelegatingMethodAccessorImpl.invoke(DelegatingMethodAccessorImpl.java:43)
	at java.base/java.lang.reflect.Method.invoke(Method.java:568)
	at io.cucumber.java.Invoker.doInvoke(Invoker.java:66)
	at io.cucumber.java.Invoker.invoke(Invoker.java:24)
	at io.cucumber.java.AbstractGlueDefinition.invokeMethod(AbstractGlueDefinition.java:47)
	at io.cucumber.java.JavaStepDefinition.execute(JavaStepDefinition.java:29)
	at io.cucumber.core.runner.CoreStepDefinition.execute(CoreStepDefinition.java:66)
	at io.cucumber.core.runner.PickleStepDefinitionMatch.runStep(PickleStepDefinitionMatch.java:63)
	at io.cucumber.core.runner.ExecutionMode$1.execute(ExecutionMode.java:10)
	at io.cucumber.core.runner.TestStep.executeStep(TestStep.java:84)
	at io.cucumber.core.runner.TestStep.run(TestStep.java:56)
	at io.cucumber.core.runner.PickleStepTestStep.run(PickleStepTestStep.java:51)
	at io.cucumber.core.runner.TestCase.run(TestCase.java:84)
	at io.cucumber.core.runner.Runner.runPickle(Runner.java:75)
	at io.cucumber.testng.TestNGCucumberRunner.lambda$runScenario$1(TestNGCucumberRunner.java:132)
	at io.cucumber.core.runtime.CucumberExecutionContext.lambda$runTestCase$5(CucumberExecutionContext.java:130)
	at io.cucumber.core.runtime.RethrowingThrowableCollector.executeAndThrow(RethrowingThrowableCollector.java:23)
	at io.cucumber.core.runtime.CucumberExecutionContext.runTestCase(CucumberExecutionContext.java:130)
	at io.cucumber.testng.TestNGCucumberRunner.runScenario(TestNGCucumberRunner.java:129)
	at com.enactor.core.automation.cucumber.RunCucumberTests.runScenario(RunCucumberTests.java:72)
	at java.base/jdk.internal.reflect.NativeMethodAccessorImpl.invoke0(Native Method)
	at java.base/jdk.internal.reflect.NativeMethodAccessorImpl.invoke(NativeMethodAccessorImpl.java:77)
	at java.base/jdk.internal.reflect.DelegatingMethodAccessorImpl.invoke(DelegatingMethodAccessorImpl.java:43)
	at java.base/java.lang.reflect.Method.invoke(Method.java:568)
	at org.testng.internal.invokers.MethodInvocationHelper.invokeMethod(MethodInvocationHelper.java:136)
	at org.testng.internal.invokers.TestInvoker.invokeMethod(TestInvoker.java:658)
	at org.testng.internal.invokers.TestInvoker.invokeTestMethod(TestInvoker.java:219)
	at org.testng.internal.invokers.MethodRunner.runInSequence(MethodRunner.java:50)
	at org.testng.internal.invokers.TestInvoker$MethodInvocationAgent.invoke(TestInvoker.java:923)
	at org.testng.internal.invokers.TestInvoker.invokeTestMethods(TestInvoker.java:192)
	at org.testng.internal.invokers.TestMethodWorker.invokeTestMethods(TestMethodWorker.java:146)
	at org.testng.internal.invokers.TestMethodWorker.run(TestMethodWorker.java:128)
	at java.base/java.util.ArrayList.forEach(ArrayList.java:1511)
	at org.testng.TestRunner.privateRun(TestRunner.java:808)
	at org.testng.TestRunner.run(TestRunner.java:603)
	at org.testng.SuiteRunner.runTest(SuiteRunner.java:429)
	at org.testng.SuiteRunner.runSequentially(SuiteRunner.java:423)
	at org.testng.SuiteRunner.privateRun(SuiteRunner.java:383)
	at org.testng.SuiteRunner.run(SuiteRunner.java:326)
	at org.testng.SuiteRunnerWorker.runSuite(SuiteRunnerWorker.java:52)
	at org.testng.SuiteRunnerWorker.run(SuiteRunnerWorker.java:95)
	at org.testng.TestNG.runSuitesSequentially(TestNG.java:1249)
	at org.testng.TestNG.runSuitesLocally(TestNG.java:1169)
	at org.testng.TestNG.runSuites(TestNG.java:1092)
	at org.testng.TestNG.run(TestNG.java:1060)
	at org.apache.maven.surefire.testng.TestNGExecutor.run(TestNGExecutor.java:308)
	at org.apache.maven.surefire.testng.TestNGXmlTestSuite.execute(TestNGXmlTestSuite.java:71)
	at org.apache.maven.surefire.testng.TestNGProvider.invoke(TestNGProvider.java:113)
	at org.apache.maven.surefire.booter.ForkedBooter.runSuitesInProcess(ForkedBooter.java:385)
	at org.apache.maven.surefire.booter.ForkedBooter.execute(ForkedBooter.java:162)
	at org.apache.maven.surefire.booter.ForkedBooter.run(ForkedBooter.java:507)
	at org.apache.maven.surefire.booter.ForkedBooter.main(ForkedBooter.java:495)
Caused by: org.openqa.selenium.NoSuchElementException: no such element: Unable to locate element: {"method":"xpath","selector":"//*[@id='Pos-GiftCard-GetGiftCardId.Pos-GiftCard-SelectGiftCard']"}
  (Session info: chrome=149.0.7827.160)
For documentation on this error, please visit: https://www.seleniumhq.org/exceptions/no_such_element.html
Build info: version: '3.141.59', revision: 'e82be7d358', time: '2018-11-14T08:17:03'
System info: host: 'LK-LSB88GA-SHEH', ip: '10.3.31.144', os.name: 'Windows 11', os.arch: 'amd64', os.version: '10.0', java.version: '17.0.2'
Driver info: io.appium.java_client.android.AndroidDriver
Capabilities {androidDeviceReadyTimeout: 60, appActivity: com.enactor.pos.MainActivity, appPackage: com.enactor.pos, autoGrantPermissions: true, autoLaunch: false, automationName: UiAutomator2, chromedriverExecutable: D:\Data\chromedriver-win64\..., chromedriverUseSystemExecutable: false, clearDeviceLogsOnStart: false, databaseEnabled: false, desired: {androidDeviceReadyTimeout: 60, appActivity: com.enactor.pos.MainActivity, appPackage: com.enactor.pos, autoGrantPermissions: true, autoLaunch: false, automationName: UiAutomator2, chromedriverExecutable: D:\Data\chromedriver-win64\..., chromedriverUseSystemExecutable: false, clearDeviceLogsOnStart: false, ensureWebviewsHavePages: true, fullReset: false, nativeWebTap: false, newCommandTimeout: 0, noReset: true, platformName: android, platformVersion: 15, udid: 37201FDJH0040J, webviewConnectTimeout: 900000}, deviceApiLevel: 36, deviceManufacturer: Google, deviceModel: Pixel 8, deviceName: 37201FDJH0040J, deviceScreenDensity: 420, deviceScreenSize: 1080x2400, deviceUDID: 37201FDJH0040J, ensureWebviewsHavePages: true, fullReset: false, javascriptEnabled: true, locationContextEnabled: false, nativeWebTap: false, networkConnectionEnabled: true, newCommandTimeout: 0, noReset: true, pixelRatio: 2.625, platform: LINUX, platformName: Android, platformVersion: 16, statBarHeight: 132, takesScreenshot: true, udid: 37201FDJH0040J, viewportRect: {height: 2268, left: 0, top: 132, width: 1080}, warnings: {}, webStorageEnabled: false, webviewConnectTimeout: 900000}
Session ID: a0d39a3d-a067-4066-b45e-d08e5c32f816
*** Element info: {Using=xpath, value=//*[@id='Pos-GiftCard-GetGiftCardId.Pos-GiftCard-SelectGiftCard']}
	at jdk.internal.reflect.GeneratedConstructorAccessor22.newInstance(Unknown Source)
	at java.base/jdk.internal.reflect.DelegatingConstructorAccessorImpl.newInstance(DelegatingConstructorAccessorImpl.java:45)
	at java.base/java.lang.reflect.Constructor.newInstanceWithCaller(Constructor.java:499)
	at java.base/java.lang.reflect.Constructor.newInstance(Constructor.java:480)
	at org.openqa.selenium.remote.http.W3CHttpResponseCodec.createException(W3CHttpResponseCodec.java:187)
	at org.openqa.selenium.remote.http.W3CHttpResponseCodec.decode(W3CHttpResponseCodec.java:122)
	at org.openqa.selenium.remote.http.W3CHttpResponseCodec.decode(W3CHttpResponseCodec.java:49)
	at org.openqa.selenium.remote.HttpCommandExecutor.execute(HttpCommandExecutor.java:158)
	at io.appium.java_client.remote.AppiumCommandExecutor.execute(AppiumCommandExecutor.java:247)
	at org.openqa.selenium.remote.RemoteWebDriver.execute(RemoteWebDriver.java:552)
	at io.appium.java_client.DefaultGenericMobileDriver.execute(DefaultGenericMobileDriver.java:41)
	at io.appium.java_client.AppiumDriver.execute(AppiumDriver.java:1)
	at io.appium.java_client.android.AndroidDriver.execute(AndroidDriver.java:1)
	at org.openqa.selenium.remote.RemoteWebDriver.findElement(RemoteWebDriver.java:323)
	at io.appium.java_client.DefaultGenericMobileDriver.findElement(DefaultGenericMobileDriver.java:61)
	at io.appium.java_client.AppiumDriver.findElement(AppiumDriver.java:1)
	at io.appium.java_client.android.AndroidDriver.findElement(AndroidDriver.java:1)
	at org.openqa.selenium.remote.RemoteWebDriver.findElementByXPath(RemoteWebDriver.java:428)
	at io.appium.java_client.DefaultGenericMobileDriver.findElementByXPath(DefaultGenericMobileDriver.java:151)
	at io.appium.java_client.AppiumDriver.findElementByXPath(AppiumDriver.java:1)
	at io.appium.java_client.android.AndroidDriver.findElementByXPath(AndroidDriver.java:1)
	at org.openqa.selenium.By$ByXPath.findElement(By.java:353)
	at org.openqa.selenium.remote.RemoteWebDriver.findElement(RemoteWebDriver.java:315)
	at io.appium.java_client.DefaultGenericMobileDriver.findElement(DefaultGenericMobileDriver.java:57)
	at io.appium.java_client.AppiumDriver.findElement(AppiumDriver.java:1)
	at io.appium.java_client.android.AndroidDriver.findElement(AndroidDriver.java:1)
	at com.enactor.core.automation.controller.BaseWebController$4.apply(BaseWebController.java:311)
	at com.enactor.core.automation.controller.BaseWebController$4.apply(BaseWebController.java:309)
	at org.openqa.selenium.support.ui.FluentWait.until(FluentWait.java:249)
	... 61 more
]]></failure>
    <system-out><![CDATA[
@PT-5 @SET2 @ToBeFixedAutTest @ViewGiftCardHistory @GiftCard @POS @Dunelm @JYSK @MVP @AUTOMATED @ReactPOS @POSValidatedTest @POSSet2
Scenario: View Gift Card history                                                &amp#27;[90m# target/dependencyTests/feature/retail/pos/posRetailFunctions/giftCards/GiftCard.feature:174&amp#27;[0m
Logging properties initialised
Setting default logger manager com.enactor.core.logging.Log4jLoggerManager
App is running. Terminating...
Launching app...
Current contexts: [NATIVE_APP, WEBVIEW_stetho_com.google.android.apps.messaging] and waiting for target context: WEBVIEW_com.enactor.pos
Target context found: WEBVIEW_com.enactor.pos
AUTOMATION_VISITED_THE_PAGE: Pos/SignOn/SignOn-Pos/SignOn/EnterUser
Entering text '000101' into element 'By.xpath: //input[@test-component-id='INPUT_TEXT_1']|//textarea[@test-component-id='INPUT_TEXT_1']
Attempting to resolve timeout by scrolling into view (50, 159);
Entered text '000101' into element '[[io.appium.java_client.android.AndroidDriver, Capabilities: {androidDeviceReadyTimeout=60, appActivity=com.enactor.pos.MainActivity, appPackage=com.enactor.pos, autoGrantPermissions=true, autoLaunch=false, automationName=UiAutomator2, chromedriverExecutable=D:\Data\chromedriver-win64\chromedriver.exe, chromedriverUseSystemExecutable=false, clearDeviceLogsOnStart=false, databaseEnabled=false, desired={platformName=android, androidDeviceReadyTimeout=60, appActivity=com.enactor.pos.MainActivity, appPackage=com.enactor.pos, autoGrantPermissions=true, autoLaunch=false, chromedriverExecutable=D:\Data\chromedriver-win64\chromedriver.exe, chromedriverUseSystemExecutable=false, clearDeviceLogsOnStart=false, ensureWebviewsHavePages=true, nativeWebTap=false, webviewConnectTimeout=900000, automationName=UiAutomator2, fullReset=false, newCommandTimeout=0, noReset=true, platformVersion=15, udid=37201FDJH0040J}, deviceApiLevel=36, deviceManufacturer=Google, deviceModel=Pixel 8, deviceName=37201FDJH0040J, deviceScreenDensity=420, deviceScreenSize=1080x2400, deviceUDID=37201FDJH0040J, ensureWebviewsHavePages=true, fullReset=false, javascriptEnabled=true, locationContextEnabled=false, nativeWebTap=false, networkConnectionEnabled=true, newCommandTimeout=0, noReset=true, pixelRatio=2.625, platform=LINUX, platformName=Android, platformVersion=16, statBarHeight=132, takesScreenshot=true, udid=37201FDJH0040J, viewportRect={left=0, top=132, width=1080, height=2268}, warnings={}, webStorageEnabled=false, webviewConnectTimeout=900000}] -> xpath: //input[@test-component-id='INPUT_TEXT_1']|//textarea[@test-component-id='INPUT_TEXT_1']]
Entering text '000101' into element 'By.xpath: //input[@test-component-id='INPUT_TEXT_2']|//textarea[@test-component-id='INPUT_TEXT_2']
Attempting to resolve timeout by scrolling into view (50, 245);
Entered text '000101' into element '[[io.appium.java_client.android.AndroidDriver, Capabilities: {androidDeviceReadyTimeout=60, appActivity=com.enactor.pos.MainActivity, appPackage=com.enactor.pos, autoGrantPermissions=true, autoLaunch=false, automationName=UiAutomator2, chromedriverExecutable=D:\Data\chromedriver-win64\chromedriver.exe, chromedriverUseSystemExecutable=false, clearDeviceLogsOnStart=false, databaseEnabled=false, desired={platformName=android, androidDeviceReadyTimeout=60, appActivity=com.enactor.pos.MainActivity, appPackage=com.enactor.pos, autoGrantPermissions=true, autoLaunch=false, chromedriverExecutable=D:\Data\chromedriver-win64\chromedriver.exe, chromedriverUseSystemExecutable=false, clearDeviceLogsOnStart=false, ensureWebviewsHavePages=true, nativeWebTap=false, webviewConnectTimeout=900000, automationName=UiAutomator2, fullReset=false, newCommandTimeout=0, noReset=true, platformVersion=15, udid=37201FDJH0040J}, deviceApiLevel=36, deviceManufacturer=Google, deviceModel=Pixel 8, deviceName=37201FDJH0040J, deviceScreenDensity=420, deviceScreenSize=1080x2400, deviceUDID=37201FDJH0040J, ensureWebviewsHavePages=true, fullReset=false, javascriptEnabled=true, locationContextEnabled=false, nativeWebTap=false, networkConnectionEnabled=true, newCommandTimeout=0, noReset=true, pixelRatio=2.625, platform=LINUX, platformName=Android, platformVersion=16, statBarHeight=132, takesScreenshot=true, udid=37201FDJH0040J, viewportRect={left=0, top=132, width=1080, height=2268}, warnings={}, webStorageEnabled=false, webviewConnectTimeout=900000}] -> xpath: //input[@test-component-id='INPUT_TEXT_2']|//textarea[@test-component-id='INPUT_TEXT_2']]
AUTOMATION_VISITED_THE_PAGE: Pos/Sale/Sale-Pos/Sale/Sale
  &amp#27;[32mGiven &amp#27;[0m&amp#27;[32muser signs on as "&amp#27;[0m&amp#27;[32m&amp#27;[1mSales Assistant&amp#27;[0m&amp#27;[32m"&amp#27;[0m                                      &amp#27;[90m# com.enactor.retail.pos.stepDefinitions.CommonPosSteps.signOn(java.lang.String)&amp#27;[0m
  &amp#27;[32mAnd &amp#27;[0m&amp#27;[32muser presses "&amp#27;[0m&amp#27;[32m&amp#27;[1mSales&amp#27;[0m&amp#27;[32m" button&amp#27;[0m                                               &amp#27;[90m# com.enactor.retail.pos.stepDefinitions.CommonPosSteps.userPressesButtonOnCurrentPage(java.lang.String)&amp#27;[0m
  &amp#27;[32mAnd &amp#27;[0m&amp#27;[32muser presses "&amp#27;[0m&amp#27;[32m&amp#27;[1mGift Cards&amp#27;[0m&amp#27;[32m" button&amp#27;[0m                                          &amp#27;[90m# com.enactor.retail.pos.stepDefinitions.CommonPosSteps.userPressesButtonOnCurrentPage(java.lang.String)&amp#27;[0m
AUTOMATION_VISITED_THE_PAGE: Pos/GiftCard/GetGiftCardId-Pos/GiftCard/LookUpGiftCard
  &amp#27;[32mAnd &amp#27;[0m&amp#27;[32muser presses "&amp#27;[0m&amp#27;[32m&amp#27;[1mGift Card History&amp#27;[0m&amp#27;[32m" button and "&amp#27;[0m&amp#27;[32m&amp#27;[1mGift Card Search&amp#27;[0m&amp#27;[32m" page shown&amp#27;[0m &amp#27;[90m# com.enactor.retail.pos.stepDefinitions.CommonPosSteps.userPressesButtonOnCurrentPageAndPageShown(java.lang.String,java.lang.String)&amp#27;[0m
Entering text '9526300500192837461' into element 'By.xpath: //input[@test-component-id='InputBox']|//textarea[@test-component-id='InputBox']
Attempting to resolve timeout by scrolling into view (15, 707);
Entered text '9526300500192837461' into element '[[io.appium.java_client.android.AndroidDriver, Capabilities: {androidDeviceReadyTimeout=60, appActivity=com.enactor.pos.MainActivity, appPackage=com.enactor.pos, autoGrantPermissions=true, autoLaunch=false, automationName=UiAutomator2, chromedriverExecutable=D:\Data\chromedriver-win64\chromedriver.exe, chromedriverUseSystemExecutable=false, clearDeviceLogsOnStart=false, databaseEnabled=false, desired={platformName=android, androidDeviceReadyTimeout=60, appActivity=com.enactor.pos.MainActivity, appPackage=com.enactor.pos, autoGrantPermissions=true, autoLaunch=false, chromedriverExecutable=D:\Data\chromedriver-win64\chromedriver.exe, chromedriverUseSystemExecutable=false, clearDeviceLogsOnStart=false, ensureWebviewsHavePages=true, nativeWebTap=false, webviewConnectTimeout=900000, automationName=UiAutomator2, fullReset=false, newCommandTimeout=0, noReset=true, platformVersion=15, udid=37201FDJH0040J}, deviceApiLevel=36, deviceManufacturer=Google, deviceModel=Pixel 8, deviceName=37201FDJH0040J, deviceScreenDensity=420, deviceScreenSize=1080x2400, deviceUDID=37201FDJH0040J, ensureWebviewsHavePages=true, fullReset=false, javascriptEnabled=true, locationContextEnabled=false, nativeWebTap=false, networkConnectionEnabled=true, newCommandTimeout=0, noReset=true, pixelRatio=2.625, platform=LINUX, platformName=Android, platformVersion=16, statBarHeight=132, takesScreenshot=true, udid=37201FDJH0040J, viewportRect={left=0, top=132, width=1080, height=2268}, warnings={}, webStorageEnabled=false, webviewConnectTimeout=900000}] -> xpath: //input[@test-component-id='InputBox']|//textarea[@test-component-id='InputBox']]
  &amp#27;[32mAnd &amp#27;[0m&amp#27;[32muser enters "&amp#27;[0m&amp#27;[32m&amp#27;[1m${Gift Card number 1}&amp#27;[0m&amp#27;[32m" into "&amp#27;[0m&amp#27;[32m&amp#27;[1mInput Box&amp#27;[0m&amp#27;[32m" field&amp#27;[0m                &amp#27;[90m# com.enactor.retail.pos.stepDefinitions.CommonPosSteps.userEntersTextOnCurrentPage(java.lang.String,java.lang.String)&amp#27;[0m
  &amp#27;[31mAnd &amp#27;[0m&amp#27;[31muser presses "&amp#27;[0m&amp#27;[31m&amp#27;[1mOK&amp#27;[0m&amp#27;[31m" button and "&amp#27;[0m&amp#27;[31m&amp#27;[1mSelect Gift Card&amp#27;[0m&amp#27;[31m" page shown&amp#27;[0m                &amp#27;[90m# com.enactor.retail.pos.stepDefinitions.CommonPosSteps.userPressesButtonOnCurrentPageAndPageShown(java.lang.String,java.lang.String)&amp#27;[0m
      &amp#27;[31mcom.enactor.core.automation.AUT.AutomationException: Expected condition failed: waiting for com.enactor.core.automation.controller.BaseWebController$4@194012a2 (tried for 40 second(s) with 1000 milliseconds interval)
	at com.enactor.core.automation.controller.BaseWebController.findElementFluently(BaseWebController.java:315)
	at com.enactor.core.automation.controller.BaseWebController.waitForElement(BaseWebController.java:219)
	at com.enactor.core.automation.controller.BaseWebController.waitForElement(BaseWebController.java:193)
	at com.enactor.pos.mobile.web.MobileWebPosStepProvider.checkWindow(MobileWebPosStepProvider.java:42)
	at com.enactor.pos.web.BaseWebPosStepsProvider.checkWindow(BaseWebPosStepsProvider.java:107)
	at com.enactor.retail.pos.stepDefinitions.CommonPosSteps.checkPageShown(CommonPosSteps.java:366)
	at com.enactor.retail.pos.stepDefinitions.CommonPosSteps.userPressesButtonOnCurrentPageAndPageShown(CommonPosSteps.java:215)
	at âœ½.user presses "OK" button and "Select Gift Card" page shown(file:///D:/RDF_POS_Test/MobilePOSAutomationTests-UIComparison/Mobile-UIComparison/MobilePOSUITests/target/dependencyTests/feature/retail/pos/posRetailFunctions/giftCards/GiftCard.feature:180)
Caused by: org.openqa.selenium.TimeoutException: Expected condition failed: waiting for com.enactor.core.automation.controller.BaseWebController$4@194012a2 (tried for 40 second(s) with 1000 milliseconds interval)
	at org.openqa.selenium.support.ui.FluentWait.timeoutException(FluentWait.java:304)
	at org.openqa.selenium.support.ui.FluentWait.until(FluentWait.java:272)
	at com.enactor.core.automation.controller.BaseWebController.findElementFluently(BaseWebController.java:309)
	at com.enactor.core.automation.controller.BaseWebController.waitForElement(BaseWebController.java:219)
	at com.enactor.core.automation.controller.BaseWebController.waitForElement(BaseWebController.java:193)
	at com.enactor.pos.mobile.web.MobileWebPosStepProvider.checkWindow(MobileWebPosStepProvider.java:42)
	at com.enactor.pos.web.BaseWebPosStepsProvider.checkWindow(BaseWebPosStepsProvider.java:107)
	at com.enactor.retail.pos.stepDefinitions.CommonPosSteps.checkPageShown(CommonPosSteps.java:366)
	at com.enactor.retail.pos.stepDefinitions.CommonPosSteps.userPressesButtonOnCurrentPageAndPageShown(CommonPosSteps.java:215)
	at java.base/jdk.internal.reflect.NativeMethodAccessorImpl.invoke0(Native Method)
	at java.base/jdk.internal.reflect.NativeMethodAccessorImpl.invoke(NativeMethodAccessorImpl.java:77)
	at java.base/jdk.internal.reflect.DelegatingMethodAccessorImpl.invoke(DelegatingMethodAccessorImpl.java:43)
	at java.base/java.lang.reflect.Method.invoke(Method.java:568)
	at io.cucumber.java.Invoker.doInvoke(Invoker.java:66)
	at io.cucumber.java.Invoker.invoke(Invoker.java:24)
	at io.cucumber.java.AbstractGlueDefinition.invokeMethod(AbstractGlueDefinition.java:47)
	at io.cucumber.java.JavaStepDefinition.execute(JavaStepDefinition.java:29)
	at io.cucumber.core.runner.CoreStepDefinition.execute(CoreStepDefinition.java:66)
	at io.cucumber.core.runner.PickleStepDefinitionMatch.runStep(PickleStepDefinitionMatch.java:63)
	at io.cucumber.core.runner.ExecutionMode$1.execute(ExecutionMode.java:10)
	at io.cucumber.core.runner.TestStep.executeStep(TestStep.java:84)
	at io.cucumber.core.runner.TestStep.run(TestStep.java:56)
	at io.cucumber.core.runner.PickleStepTestStep.run(PickleStepTestStep.java:51)
	at io.cucumber.core.runner.TestCase.run(TestCase.java:84)
	at io.cucumber.core.runner.Runner.runPickle(Runner.java:75)
	at io.cucumber.testng.TestNGCucumberRunner.lambda$runScenario$1(TestNGCucumberRunner.java:132)
	at io.cucumber.core.runtime.CucumberExecutionContext.lambda$runTestCase$5(CucumberExecutionContext.java:130)
	at io.cucumber.core.runtime.RethrowingThrowableCollector.executeAndThrow(RethrowingThrowableCollector.java:23)
	at io.cucumber.core.runtime.CucumberExecutionContext.runTestCase(CucumberExecutionContext.java:130)
	at io.cucumber.testng.TestNGCucumberRunner.runScenario(TestNGCucumberRunner.java:129)
	at com.enactor.core.automation.cucumber.RunCucumberTests.runScenario(RunCucumberTests.java:72)
	at java.base/jdk.internal.reflect.NativeMethodAccessorImpl.invoke0(Native Method)
	at java.base/jdk.internal.reflect.NativeMethodAccessorImpl.invoke(NativeMethodAccessorImpl.java:77)
	at java.base/jdk.internal.reflect.DelegatingMethodAccessorImpl.invoke(DelegatingMethodAccessorImpl.java:43)
	at java.base/java.lang.reflect.Method.invoke(Method.java:568)
	at org.testng.internal.invokers.MethodInvocationHelper.invokeMethod(MethodInvocationHelper.java:136)
	at org.testng.internal.invokers.TestInvoker.invokeMethod(TestInvoker.java:658)
	at org.testng.internal.invokers.TestInvoker.invokeTestMethod(TestInvoker.java:219)
	at org.testng.internal.invokers.MethodRunner.runInSequence(MethodRunner.java:50)
	at org.testng.internal.invokers.TestInvoker$MethodInvocationAgent.invoke(TestInvoker.java:923)
	at org.testng.internal.invokers.TestInvoker.invokeTestMethods(TestInvoker.java:192)
	at org.testng.internal.invokers.TestMethodWorker.invokeTestMethods(TestMethodWorker.java:146)
	at org.testng.internal.invokers.TestMethodWorker.run(TestMethodWorker.java:128)
	at java.base/java.util.ArrayList.forEach(ArrayList.java:1511)
	at org.testng.TestRunner.privateRun(TestRunner.java:808)
	at org.testng.TestRunner.run(TestRunner.java:603)
	at org.testng.SuiteRunner.runTest(SuiteRunner.java:429)
	at org.testng.SuiteRunner.runSequentially(SuiteRunner.java:423)
	at org.testng.SuiteRunner.privateRun(SuiteRunner.java:383)
	at org.testng.SuiteRunner.run(SuiteRunner.java:326)
	at org.testng.SuiteRunnerWorker.runSuite(SuiteRunnerWorker.java:52)
	at org.testng.SuiteRunnerWorker.run(SuiteRunnerWorker.java:95)
	at org.testng.TestNG.runSuitesSequentially(TestNG.java:1249)
	at org.testng.TestNG.runSuitesLocally(TestNG.java:1169)
	at org.testng.TestNG.runSuites(TestNG.java:1092)
	at org.testng.TestNG.run(TestNG.java:1060)
	at org.apache.maven.surefire.testng.TestNGExecutor.run(TestNGExecutor.java:308)
	at org.apache.maven.surefire.testng.TestNGXmlTestSuite.execute(TestNGXmlTestSuite.java:71)
	at org.apache.maven.surefire.testng.TestNGProvider.invoke(TestNGProvider.java:113)
	at org.apache.maven.surefire.booter.ForkedBooter.runSuitesInProcess(ForkedBooter.java:385)
	at org.apache.maven.surefire.booter.ForkedBooter.execute(ForkedBooter.java:162)
	at org.apache.maven.surefire.booter.ForkedBooter.run(ForkedBooter.java:507)
	at org.apache.maven.surefire.booter.ForkedBooter.main(ForkedBooter.java:495)
Caused by: org.openqa.selenium.NoSuchElementException: no such element: Unable to locate element: {"method":"xpath","selector":"//*[@id='Pos-GiftCard-GetGiftCardId.Pos-GiftCard-SelectGiftCard']"}
  (Session info: chrome=149.0.7827.160)
For documentation on this error, please visit: https://www.seleniumhq.org/exceptions/no_such_element.html
Build info: version: '3.141.59', revision: 'e82be7d358', time: '2018-11-14T08:17:03'
System info: host: 'LK-LSB88GA-SHEH', ip: '10.3.31.144', os.name: 'Windows 11', os.arch: 'amd64', os.version: '10.0', java.version: '17.0.2'
Driver info: io.appium.java_client.android.AndroidDriver
Capabilities {androidDeviceReadyTimeout: 60, appActivity: com.enactor.pos.MainActivity, appPackage: com.enactor.pos, autoGrantPermissions: true, autoLaunch: false, automationName: UiAutomator2, chromedriverExecutable: D:\Data\chromedriver-win64\..., chromedriverUseSystemExecutable: false, clearDeviceLogsOnStart: false, databaseEnabled: false, desired: {androidDeviceReadyTimeout: 60, appActivity: com.enactor.pos.MainActivity, appPackage: com.enactor.pos, autoGrantPermissions: true, autoLaunch: false, automationName: UiAutomator2, chromedriverExecutable: D:\Data\chromedriver-win64\..., chromedriverUseSystemExecutable: false, clearDeviceLogsOnStart: false, ensureWebviewsHavePages: true, fullReset: false, nativeWebTap: false, newCommandTimeout: 0, noReset: true, platformName: android, platformVersion: 15, udid: 37201FDJH0040J, webviewConnectTimeout: 900000}, deviceApiLevel: 36, deviceManufacturer: Google, deviceModel: Pixel 8, deviceName: 37201FDJH0040J, deviceScreenDensity: 420, deviceScreenSize: 1080x2400, deviceUDID: 37201FDJH0040J, ensureWebviewsHavePages: true, fullReset: false, javascriptEnabled: true, locationContextEnabled: false, nativeWebTap: false, networkConnectionEnabled: true, newCommandTimeout: 0, noReset: true, pixelRatio: 2.625, platform: LINUX, platformName: Android, platformVersion: 16, statBarHeight: 132, takesScreenshot: true, udid: 37201FDJH0040J, viewportRect: {height: 2268, left: 0, top: 132, width: 1080}, warnings: {}, webStorageEnabled: false, webviewConnectTimeout: 900000}
Session ID: a0d39a3d-a067-4066-b45e-d08e5c32f816
*** Element info: {Using=xpath, value=//*[@id='Pos-GiftCard-GetGiftCardId.Pos-GiftCard-SelectGiftCard']}
	at jdk.internal.reflect.GeneratedConstructorAccessor22.newInstance(Unknown Source)
	at java.base/jdk.internal.reflect.DelegatingConstructorAccessorImpl.newInstance(DelegatingConstructorAccessorImpl.java:45)
	at java.base/java.lang.reflect.Constructor.newInstanceWithCaller(Constructor.java:499)
	at java.base/java.lang.reflect.Constructor.newInstance(Constructor.java:480)
	at org.openqa.selenium.remote.http.W3CHttpResponseCodec.createException(W3CHttpResponseCodec.java:187)
	at org.openqa.selenium.remote.http.W3CHttpResponseCodec.decode(W3CHttpResponseCodec.java:122)
	at org.openqa.selenium.remote.http.W3CHttpResponseCodec.decode(W3CHttpResponseCodec.java:49)
	at org.openqa.selenium.remote.HttpCommandExecutor.execute(HttpCommandExecutor.java:158)
	at io.appium.java_client.remote.AppiumCommandExecutor.execute(AppiumCommandExecutor.java:247)
	at org.openqa.selenium.remote.RemoteWebDriver.execute(RemoteWebDriver.java:552)
	at io.appium.java_client.DefaultGenericMobileDriver.execute(DefaultGenericMobileDriver.java:41)
	at io.appium.java_client.AppiumDriver.execute(AppiumDriver.java:1)
	at io.appium.java_client.android.AndroidDriver.execute(AndroidDriver.java:1)
	at org.openqa.selenium.remote.RemoteWebDriver.findElement(RemoteWebDriver.java:323)
	at io.appium.java_client.DefaultGenericMobileDriver.findElement(DefaultGenericMobileDriver.java:61)
	at io.appium.java_client.AppiumDriver.findElement(AppiumDriver.java:1)
	at io.appium.java_client.android.AndroidDriver.findElement(AndroidDriver.java:1)
	at org.openqa.selenium.remote.RemoteWebDriver.findElementByXPath(RemoteWebDriver.java:428)
	at io.appium.java_client.DefaultGenericMobileDriver.findElementByXPath(DefaultGenericMobileDriver.java:151)
	at io.appium.java_client.AppiumDriver.findElementByXPath(AppiumDriver.java:1)
	at io.appium.java_client.android.AndroidDriver.findElementByXPath(AndroidDriver.java:1)
	at org.openqa.selenium.By$ByXPath.findElement(By.java:353)
	at org.openqa.selenium.remote.RemoteWebDriver.findElement(RemoteWebDriver.java:315)
	at io.appium.java_client.DefaultGenericMobileDriver.findElement(DefaultGenericMobileDriver.java:57)
	at io.appium.java_client.AppiumDriver.findElement(AppiumDriver.java:1)
	at io.appium.java_client.android.AndroidDriver.findElement(AndroidDriver.java:1)
	at com.enactor.core.automation.controller.BaseWebController$4.apply(BaseWebController.java:311)
	at com.enactor.core.automation.controller.BaseWebController$4.apply(BaseWebController.java:309)
	at org.openqa.selenium.support.ui.FluentWait.until(FluentWait.java:249)
	... 61 more
&amp#27;[0m
  &amp#27;[36mAnd &amp#27;[0m&amp#27;[36muser presses "&amp#27;[0m&amp#27;[36m&amp#27;[1mOK&amp#27;[0m&amp#27;[36m" button and "&amp#27;[0m&amp#27;[36m&amp#27;[1mGift Card History List&amp#27;[0m&amp#27;[36m" page shown&amp#27;[0m          &amp#27;[90m# com.enactor.retail.pos.stepDefinitions.CommonPosSteps.userPressesButtonOnCurrentPageAndPageShown(java.lang.String,java.lang.String)&amp#27;[0m
  &amp#27;[36mAnd &amp#27;[0m&amp#27;[36muser presses "&amp#27;[0m&amp#27;[36m&amp#27;[1mOK&amp#27;[0m&amp#27;[36m" button and "&amp#27;[0m&amp#27;[36m&amp#27;[1mTransaction Basket&amp#27;[0m&amp#27;[36m" page shown&amp#27;[0m              &amp#27;[90m# com.enactor.retail.pos.stepDefinitions.CommonPosSteps.userPressesButtonOnCurrentPageAndPageShown(java.lang.String,java.lang.String)&amp#27;[0m
  &amp#27;[36mWhen &amp#27;[0m&amp#27;[36muser presses "&amp#27;[0m&amp#27;[36m&amp#27;[1mSignOff&amp#27;[0m&amp#27;[36m" button&amp#27;[0m                                            &amp#27;[90m# com.enactor.retail.pos.stepDefinitions.CommonPosSteps.userPressesButtonOnCurrentPage(java.lang.String)&amp#27;[0m
  &amp#27;[36mThen &amp#27;[0m&amp#27;[36m"&amp#27;[0m&amp#27;[36m&amp#27;[1mEnter User&amp#27;[0m&amp#27;[36m" page is shown&amp#27;[0m                                               &amp#27;[90m# com.enactor.retail.pos.stepDefinitions.CommonPosSteps.checkPageShown(java.lang.String)&amp#27;[0m
Current contexts: [NATIVE_APP, WEBVIEW_stetho_com.google.android.apps.messaging, WEBVIEW_com.enactor.pos] and waiting for target context: NATIVE_APP
Target context found: NATIVE_APP
Current contexts: [NATIVE_APP, WEBVIEW_stetho_com.google.android.apps.messaging] and waiting for target context: WEBVIEW_com.enactor.pos
Target context found: WEBVIEW_com.enactor.pos
      &amp#27;[31mjava.lang.AssertionError: Visual regression: 6 step(s) did not match the baseline in scenario "View Gift Card history" -> And user presses "Gift Cards" button; And user presses "OK" button and "Select Gift Card" page shown; And user presses "OK" button and "Gift Card History List" page shown; And user presses "OK" button and "Transaction Basket" page shown; When user presses "SignOff" button; Then "Enter User" page is shown. (Disable with VisualRegression.FailScenarioOnUnmatch=false.)
	at com.enactor.pos.mobile.visual.VisualRegressionScenarioHook.failScenarioIfVisualMismatch(VisualRegressionScenarioHook.java:48)
&amp#27;[0m
]]></system-out>
    <system-err><![CDATA[Jul 16, 2026 12:46:55 PM io.appium.java_client.remote.AppiumCommandExecutor$1 lambda$0
INFO: Detected dialect: W3C
]]></system-err>
  </testcase>
</testsuite>